Running on device: cuda
Loading test db for resolution 32 with 100 samples 
Loading test db for resolution 64 with 50 samples 

Configuration:
  Trials per starting layer per quadrant: 100
  Test samples: 50
  Distributed Fault Distribution (Adjacent Layers):
    2 layers: 60%
    3 layers: 20%
    4 layers: 10%
    5 layers: 10%
  Bit Quadrants:
    Q1 (bits 0-7): [0, 1, 2, 3, 4, 5, 6, 7]
    Q2 (bits 8-15): [8, 9, 10, 11, 12, 13, 14, 15]
    Q3 (bits 16-23): [16, 17, 18, 19, 20, 21, 22, 23]
    Q4 (bits 24-31): [24, 25, 26, 27, 28, 29, 30, 31]

============================================================
STARTING DISTRIBUTED WEIGHT FAULT INJECTION BY QUADRANT
============================================================

============================================================
DISTRIBUTED WEIGHT FAULT INJECTION - BY BIT QUADRANT
============================================================
Distribution: 2 layers (60%), 3 layers (20%), 4 layers (10%), 5 layers (10%)

Found 24 injectable layer components
(SpectralConv layers counted twice: Real and Imaginary components)

Collecting baseline (fault-free) outputs...
Collected 50 baseline outputs

============================================================
Processing Quadrant: Q1 (bits 0-7)
============================================================

Starting Layer 0/24: fno_blocks.convs.0 [Real]
  Type: complex_real
  Valid: 100/100, NaN Rate: 0.0%
  Layer count dist: 2L=59, 3L=19, 4L=8, 5L=14
  Mean MSE: 5.328198e-12 ± 3.936179e-12

Starting Layer 1/24: fno_blocks.convs.0 [Imag]
  Type: complex_imag
  Valid: 100/100, NaN Rate: 0.0%
  Layer count dist: 2L=66, 3L=18, 4L=11, 5L=5
  Mean MSE: 4.915353e-12 ± 3.513139e-12

Starting Layer 2/24: fno_blocks.convs.1 [Real]
  Type: complex_real
  Valid: 100/100, NaN Rate: 0.0%
  Layer count dist: 2L=66, 3L=17, 4L=7, 5L=10
  Mean MSE: 4.547087e-12 ± 2.519571e-12

Starting Layer 3/24: fno_blocks.convs.1 [Imag]
  Type: complex_imag
  Valid: 100/100, NaN Rate: 0.0%
  Layer count dist: 2L=54, 3L=23, 4L=12, 5L=11
  Mean MSE: 3.756438e-12 ± 2.814366e-12

Starting Layer 4/24: fno_blocks.convs.2 [Real]
  Type: complex_real
  Valid: 100/100, NaN Rate: 0.0%
  Layer count dist: 2L=62, 3L=16, 4L=8, 5L=14
  Mean MSE: 2.514397e-12 ± 3.383113e-12

Starting Layer 5/24: fno_blocks.convs.2 [Imag]
  Type: complex_imag
  Valid: 100/100, NaN Rate: 0.0%
  Layer count dist: 2L=54, 3L=18, 4L=16, 5L=12
  Mean MSE: 3.255808e-12 ± 4.096114e-12

Starting Layer 6/24: fno_blocks.convs.3 [Real]
  Type: complex_real
  Valid: 100/100, NaN Rate: 0.0%
  Layer count dist: 2L=59, 3L=27, 4L=8, 5L=6
  Mean MSE: 3.755772e-12 ± 4.645553e-12

Starting Layer 7/24: fno_blocks.convs.3 [Imag]
  Type: complex_imag
  Valid: 100/100, NaN Rate: 0.0%
  Layer count dist: 2L=65, 3L=21, 4L=8, 5L=6
  Mean MSE: 1.014214e-11 ± 2.280680e-12

Starting Layer 8/24: fno_blocks.fno_skips.0.conv
  Type: real
  Valid: 100/100, NaN Rate: 0.0%
  Layer count dist: 2L=58, 3L=16, 4L=14, 5L=12
  Mean MSE: 9.695692e-12 ± 1.984225e-12

Starting Layer 9/24: fno_blocks.fno_skips.1.conv
  Type: real
  Valid: 100/100, NaN Rate: 0.0%
  Layer count dist: 2L=65, 3L=20, 4L=6, 5L=9
  Mean MSE: 7.359853e-12 ± 2.609441e-12

Starting Layer 10/24: fno_blocks.fno_skips.2.conv
  Type: real
  Valid: 100/100, NaN Rate: 0.0%
  Layer count dist: 2L=65, 3L=17, 4L=8, 5L=10
  Mean MSE: 5.004098e-12 ± 4.334868e-12

Starting Layer 11/24: fno_blocks.fno_skips.3.conv
  Type: real
  Valid: 100/100, NaN Rate: 0.0%
  Layer count dist: 2L=57, 3L=20, 4L=15, 5L=8
  Mean MSE: 9.947463e-12 ± 2.819785e-12

Starting Layer 12/24: fno_blocks.channel_mlp.0.fcs.0
  Type: real
  Valid: 100/100, NaN Rate: 0.0%
  Layer count dist: 2L=66, 3L=20, 4L=5, 5L=9
  Mean MSE: 1.016560e-11 ± 2.361235e-12

Starting Layer 13/24: fno_blocks.channel_mlp.0.fcs.1
  Type: real
  Valid: 100/100, NaN Rate: 0.0%
  Layer count dist: 2L=60, 3L=21, 4L=7, 5L=12
  Mean MSE: 9.956291e-12 ± 2.680486e-12

Starting Layer 14/24: fno_blocks.channel_mlp.1.fcs.0
  Type: real
  Valid: 100/100, NaN Rate: 0.0%
  Layer count dist: 2L=60, 3L=16, 4L=10, 5L=14
  Mean MSE: 7.910213e-12 ± 2.566283e-12

Starting Layer 15/24: fno_blocks.channel_mlp.1.fcs.1
  Type: real
  Valid: 100/100, NaN Rate: 0.0%
  Layer count dist: 2L=65, 3L=11, 4L=13, 5L=11
  Mean MSE: 7.183404e-12 ± 3.296161e-12

Starting Layer 16/24: fno_blocks.channel_mlp.2.fcs.0
  Type: real
  Valid: 100/100, NaN Rate: 0.0%
  Layer count dist: 2L=57, 3L=21, 4L=11, 5L=11
  Mean MSE: 6.131643e-12 ± 1.553431e-11

Starting Layer 17/24: fno_blocks.channel_mlp.2.fcs.1
  Type: real
  Valid: 100/100, NaN Rate: 0.0%
  Layer count dist: 2L=68, 3L=15, 4L=7, 5L=10
  Mean MSE: 7.238409e-12 ± 1.290087e-11

Starting Layer 18/24: fno_blocks.channel_mlp.3.fcs.0
  Type: real
  Valid: 100/100, NaN Rate: 0.0%
  Layer count dist: 2L=59, 3L=23, 4L=13, 5L=5
  Mean MSE: 1.156256e-11 ± 2.582759e-11

Starting Layer 19/24: fno_blocks.channel_mlp.3.fcs.1
  Type: real
  Valid: 100/100, NaN Rate: 0.0%
  Layer count dist: 2L=64, 3L=18, 4L=13, 5L=5
  Mean MSE: 2.679907e-11 ± 4.741762e-11

Starting Layer 20/24: lifting.fcs.0
  Type: real
  Valid: 100/100, NaN Rate: 0.0%
  Layer count dist: 2L=64, 3L=12, 4L=24, 5L=0
  Mean MSE: 2.689844e-11 ± 4.658444e-11

Starting Layer 21/24: lifting.fcs.1
  Type: real
  Valid: 100/100, NaN Rate: 0.0%
  Layer count dist: 2L=64, 3L=36, 4L=0, 5L=0
  Mean MSE: 2.088604e-15 ± 9.309362e-15

Starting Layer 22/24: projection.fcs.0
  Type: real
  Valid: 100/100, NaN Rate: 0.0%
  Layer count dist: 2L=100, 3L=0, 4L=0, 5L=0
  Mean MSE: 7.318706e-14 ± 3.570064e-13

Starting Layer 23/24: projection.fcs.1
  Type: real
  Valid: 0/100, NaN Rate: 0.0%
  Layer count dist: 2L=0, 3L=0, 4L=0, 5L=0

============================================================
Processing Quadrant: Q2 (bits 8-15)
============================================================

Starting Layer 0/24: fno_blocks.convs.0 [Real]
  Type: complex_real
  Valid: 100/100, NaN Rate: 0.0%
  Layer count dist: 2L=64, 3L=20, 4L=11, 5L=5
  Mean MSE: 1.094759e-11 ± 4.713437e-12

Starting Layer 1/24: fno_blocks.convs.0 [Imag]
  Type: complex_imag
  Valid: 100/100, NaN Rate: 0.0%
  Layer count dist: 2L=62, 3L=21, 4L=12, 5L=5
  Mean MSE: 1.311375e-11 ± 9.658851e-12

Starting Layer 2/24: fno_blocks.convs.1 [Real]
  Type: complex_real
  Valid: 100/100, NaN Rate: 0.0%
  Layer count dist: 2L=63, 3L=17, 4L=8, 5L=12
  Mean MSE: 1.073044e-11 ± 4.114277e-12

Starting Layer 3/24: fno_blocks.convs.1 [Imag]
  Type: complex_imag
  Valid: 100/100, NaN Rate: 0.0%
  Layer count dist: 2L=61, 3L=15, 4L=9, 5L=15
  Mean MSE: 1.018494e-11 ± 4.803223e-12

Starting Layer 4/24: fno_blocks.convs.2 [Real]
  Type: complex_real
  Valid: 100/100, NaN Rate: 0.0%
  Layer count dist: 2L=66, 3L=16, 4L=10, 5L=8
  Mean MSE: 1.519731e-11 ± 4.286156e-11

Starting Layer 5/24: fno_blocks.convs.2 [Imag]
  Type: complex_imag
  Valid: 100/100, NaN Rate: 0.0%
  Layer count dist: 2L=69, 3L=20, 4L=6, 5L=5
  Mean MSE: 1.651163e-11 ± 6.922873e-11

Starting Layer 6/24: fno_blocks.convs.3 [Real]
  Type: complex_real
  Valid: 100/100, NaN Rate: 0.0%
  Layer count dist: 2L=58, 3L=22, 4L=5, 5L=15
  Mean MSE: 6.530578e-11 ± 1.422184e-10

Starting Layer 7/24: fno_blocks.convs.3 [Imag]
  Type: complex_imag
  Valid: 100/100, NaN Rate: 0.0%
  Layer count dist: 2L=56, 3L=24, 4L=7, 5L=13
  Mean MSE: 1.261015e-10 ± 2.352775e-10

Starting Layer 8/24: fno_blocks.fno_skips.0.conv
  Type: real
  Valid: 100/100, NaN Rate: 0.0%
  Layer count dist: 2L=65, 3L=18, 4L=11, 5L=6
  Mean MSE: 1.620227e-10 ± 2.315370e-10

Starting Layer 9/24: fno_blocks.fno_skips.1.conv
  Type: real
  Valid: 100/100, NaN Rate: 0.0%
  Layer count dist: 2L=67, 3L=16, 4L=6, 5L=11
  Mean MSE: 1.479094e-10 ± 2.566104e-10

Starting Layer 10/24: fno_blocks.fno_skips.2.conv
  Type: real
  Valid: 100/100, NaN Rate: 0.0%
  Layer count dist: 2L=54, 3L=26, 4L=9, 5L=11
  Mean MSE: 2.541442e-10 ± 4.915673e-10

Starting Layer 11/24: fno_blocks.fno_skips.3.conv
  Type: real
  Valid: 100/100, NaN Rate: 0.0%
  Layer count dist: 2L=60, 3L=22, 4L=7, 5L=11
  Mean MSE: 5.517538e-10 ± 1.081515e-09

Starting Layer 12/24: fno_blocks.channel_mlp.0.fcs.0
  Type: real
  Valid: 100/100, NaN Rate: 0.0%
  Layer count dist: 2L=66, 3L=17, 4L=10, 5L=7
  Mean MSE: 7.706094e-10 ± 1.342013e-09

Starting Layer 13/24: fno_blocks.channel_mlp.0.fcs.1
  Type: real
  Valid: 100/100, NaN Rate: 0.0%
  Layer count dist: 2L=58, 3L=27, 4L=9, 5L=6
  Mean MSE: 8.399956e-10 ± 2.211471e-09

Starting Layer 14/24: fno_blocks.channel_mlp.1.fcs.0
  Type: real
  Valid: 100/100, NaN Rate: 0.0%
  Layer count dist: 2L=62, 3L=18, 4L=7, 5L=13
  Mean MSE: 5.599039e-10 ± 8.748314e-10

Starting Layer 15/24: fno_blocks.channel_mlp.1.fcs.1
  Type: real
  Valid: 100/100, NaN Rate: 0.0%
  Layer count dist: 2L=67, 3L=16, 4L=6, 5L=11
  Mean MSE: 6.481345e-10 ± 1.404132e-09

Starting Layer 16/24: fno_blocks.channel_mlp.2.fcs.0
  Type: real
  Valid: 100/100, NaN Rate: 0.0%
  Layer count dist: 2L=56, 3L=22, 4L=13, 5L=9
  Mean MSE: 6.919374e-10 ± 2.701001e-09

Starting Layer 17/24: fno_blocks.channel_mlp.2.fcs.1
  Type: real
  Valid: 100/100, NaN Rate: 0.0%
  Layer count dist: 2L=54, 3L=22, 4L=17, 5L=7
  Mean MSE: 4.656484e-10 ± 6.901429e-10

Starting Layer 18/24: fno_blocks.channel_mlp.3.fcs.0
  Type: real
  Valid: 100/100, NaN Rate: 0.0%
  Layer count dist: 2L=53, 3L=22, 4L=12, 5L=13
  Mean MSE: 9.333485e-10 ± 1.938370e-09

Starting Layer 19/24: fno_blocks.channel_mlp.3.fcs.1
  Type: real
  Valid: 100/100, NaN Rate: 0.0%
  Layer count dist: 2L=58, 3L=22, 4L=9, 5L=11
  Mean MSE: 1.161045e-09 ± 2.502205e-09

Starting Layer 20/24: lifting.fcs.0
  Type: real
  Valid: 100/100, NaN Rate: 0.0%
  Layer count dist: 2L=51, 3L=23, 4L=26, 5L=0
  Mean MSE: 2.821216e-09 ± 7.930608e-09

Starting Layer 21/24: lifting.fcs.1
  Type: real
  Valid: 100/100, NaN Rate: 0.0%
  Layer count dist: 2L=62, 3L=38, 4L=0, 5L=0
  Mean MSE: 6.215878e-10 ± 3.315958e-09

Starting Layer 22/24: projection.fcs.0
  Type: real
  Valid: 100/100, NaN Rate: 0.0%
  Layer count dist: 2L=100, 3L=0, 4L=0, 5L=0
  Mean MSE: 1.600092e-09 ± 7.252096e-09

Starting Layer 23/24: projection.fcs.1
  Type: real
  Valid: 0/100, NaN Rate: 0.0%
  Layer count dist: 2L=0, 3L=0, 4L=0, 5L=0

============================================================
Processing Quadrant: Q3 (bits 16-23)
============================================================

Starting Layer 0/24: fno_blocks.convs.0 [Real]
  Type: complex_real
  Valid: 100/100, NaN Rate: 0.0%
  Layer count dist: 2L=58, 3L=14, 4L=20, 5L=8
  Mean MSE: 1.578149e-09 ± 6.487265e-09

Starting Layer 1/24: fno_blocks.convs.0 [Imag]
  Type: complex_imag
  Valid: 100/100, NaN Rate: 0.0%
  Layer count dist: 2L=60, 3L=21, 4L=11, 5L=8
  Mean MSE: 3.510709e-09 ± 2.157114e-08

Starting Layer 2/24: fno_blocks.convs.1 [Real]
  Type: complex_real
  Valid: 100/100, NaN Rate: 0.0%
  Layer count dist: 2L=50, 3L=32, 4L=8, 5L=10
  Mean MSE: 1.287161e-09 ± 1.513178e-09

Starting Layer 3/24: fno_blocks.convs.1 [Imag]
  Type: complex_imag
  Valid: 100/100, NaN Rate: 0.0%
  Layer count dist: 2L=68, 3L=17, 4L=8, 5L=7
  Mean MSE: 9.732685e-10 ± 1.159669e-09

Starting Layer 4/24: fno_blocks.convs.2 [Real]
  Type: complex_real
  Valid: 100/100, NaN Rate: 0.0%
  Layer count dist: 2L=53, 3L=19, 4L=14, 5L=14
  Mean MSE: 8.099154e-09 ± 5.509088e-08

Starting Layer 5/24: fno_blocks.convs.2 [Imag]
  Type: complex_imag
  Valid: 100/100, NaN Rate: 0.0%
  Layer count dist: 2L=62, 3L=17, 4L=11, 5L=10
  Mean MSE: 1.511857e-08 ± 6.827624e-08

Starting Layer 6/24: fno_blocks.convs.3 [Real]
  Type: complex_real
  Valid: 100/100, NaN Rate: 0.0%
  Layer count dist: 2L=57, 3L=24, 4L=9, 5L=10
  Mean MSE: 8.997124e-08 ± 4.285872e-07

Starting Layer 7/24: fno_blocks.convs.3 [Imag]
  Type: complex_imag
  Valid: 100/100, NaN Rate: 0.0%
  Layer count dist: 2L=51, 3L=22, 4L=15, 5L=12
  Mean MSE: 2.221672e-07 ± 8.283046e-07

Starting Layer 8/24: fno_blocks.fno_skips.0.conv
  Type: real
  Valid: 100/100, NaN Rate: 0.0%
  Layer count dist: 2L=64, 3L=13, 4L=12, 5L=11
  Mean MSE: 4.519787e-07 ± 2.955050e-06

Starting Layer 9/24: fno_blocks.fno_skips.1.conv
  Type: real
  Valid: 100/100, NaN Rate: 0.0%
  Layer count dist: 2L=57, 3L=22, 4L=13, 5L=8
  Mean MSE: 1.894978e-06 ± 8.787245e-06

Starting Layer 10/24: fno_blocks.fno_skips.2.conv
  Type: real
  Valid: 100/100, NaN Rate: 0.0%
  Layer count dist: 2L=51, 3L=29, 4L=8, 5L=12
  Mean MSE: 3.278539e-06 ± 1.597632e-05

Starting Layer 11/24: fno_blocks.fno_skips.3.conv
  Type: real
  Valid: 100/100, NaN Rate: 0.0%
  Layer count dist: 2L=64, 3L=20, 4L=8, 5L=8
  Mean MSE: 4.890647e-06 ± 2.201571e-05

Starting Layer 12/24: fno_blocks.channel_mlp.0.fcs.0
  Type: real
  Valid: 100/100, NaN Rate: 0.0%
  Layer count dist: 2L=62, 3L=14, 4L=10, 5L=14
  Mean MSE: 1.492079e-05 ± 5.023070e-05

Starting Layer 13/24: fno_blocks.channel_mlp.0.fcs.1
  Type: real
  Valid: 100/100, NaN Rate: 0.0%
  Layer count dist: 2L=70, 3L=12, 4L=10, 5L=8
  Mean MSE: 5.218958e-06 ± 1.434974e-05

Starting Layer 14/24: fno_blocks.channel_mlp.1.fcs.0
  Type: real
  Valid: 100/100, NaN Rate: 0.0%
  Layer count dist: 2L=58, 3L=18, 4L=12, 5L=12
  Mean MSE: 3.093623e-06 ± 6.948502e-06

Starting Layer 15/24: fno_blocks.channel_mlp.1.fcs.1
  Type: real
  Valid: 100/100, NaN Rate: 0.0%
  Layer count dist: 2L=65, 3L=20, 4L=8, 5L=7
  Mean MSE: 3.314041e-06 ± 1.085100e-05

Starting Layer 16/24: fno_blocks.channel_mlp.2.fcs.0
  Type: real
  Valid: 100/100, NaN Rate: 0.0%
  Layer count dist: 2L=67, 3L=8, 4L=11, 5L=14
  Mean MSE: 1.025133e-05 ± 6.656208e-05

Starting Layer 17/24: fno_blocks.channel_mlp.2.fcs.1
  Type: real
  Valid: 100/100, NaN Rate: 0.0%
  Layer count dist: 2L=67, 3L=17, 4L=7, 5L=9
  Mean MSE: 1.538143e-05 ± 1.113896e-04

Starting Layer 18/24: fno_blocks.channel_mlp.3.fcs.0
  Type: real
  Valid: 100/100, NaN Rate: 0.0%
  Layer count dist: 2L=57, 3L=19, 4L=13, 5L=11
  Mean MSE: 2.878551e-05 ± 1.565192e-04

Starting Layer 19/24: fno_blocks.channel_mlp.3.fcs.1
  Type: real
  Valid: 100/100, NaN Rate: 0.0%
  Layer count dist: 2L=65, 3L=13, 4L=9, 5L=13
  Mean MSE: 3.818869e-05 ± 2.431250e-04

Starting Layer 20/24: lifting.fcs.0
  Type: real
  Valid: 100/100, NaN Rate: 0.0%
  Layer count dist: 2L=62, 3L=22, 4L=16, 5L=0
  Mean MSE: 5.065614e-05 ± 3.309502e-04

Starting Layer 21/24: lifting.fcs.1
  Type: real
  Valid: 100/100, NaN Rate: 0.0%
  Layer count dist: 2L=55, 3L=45, 4L=0, 5L=0
  Mean MSE: 4.489022e-05 ± 2.916634e-04

Starting Layer 22/24: projection.fcs.0
  Type: real
  Valid: 100/100, NaN Rate: 0.0%
  Layer count dist: 2L=100, 3L=0, 4L=0, 5L=0
  Mean MSE: 1.467983e-05 ± 4.894555e-05

Starting Layer 23/24: projection.fcs.1
  Type: real
  Valid: 0/100, NaN Rate: 0.0%
  Layer count dist: 2L=0, 3L=0, 4L=0, 5L=0

============================================================
Processing Quadrant: Q4 (bits 24-31)
============================================================

Starting Layer 0/24: fno_blocks.convs.0 [Real]
  Type: complex_real
  Valid: 77/100, NaN Rate: 23.0%
  Layer count dist: 2L=62, 3L=16, 4L=16, 5L=6
  Mean MSE: 6.158706e-08 ± 4.376835e-07

Starting Layer 1/24: fno_blocks.convs.0 [Imag]
  Type: complex_imag
  Valid: 70/100, NaN Rate: 30.0%
  Layer count dist: 2L=62, 3L=21, 4L=6, 5L=11
  Mean MSE: 1.879258e-08 ± 5.979245e-08

Starting Layer 2/24: fno_blocks.convs.1 [Real]
  Type: complex_real
  Valid: 65/100, NaN Rate: 35.0%
  Layer count dist: 2L=52, 3L=23, 4L=10, 5L=15
  Mean MSE: 8.015872e-09 ± 1.053055e-08

Starting Layer 3/24: fno_blocks.convs.1 [Imag]
  Type: complex_imag
  Valid: 67/100, NaN Rate: 33.0%
  Layer count dist: 2L=51, 3L=19, 4L=15, 5L=15
  Mean MSE: 2.652399e-08 ± 9.982466e-08

Starting Layer 4/24: fno_blocks.convs.2 [Real]
  Type: complex_real
  Valid: 73/100, NaN Rate: 27.0%
  Layer count dist: 2L=57, 3L=19, 4L=8, 5L=16
  Mean MSE: 5.042119e-07 ± 2.506923e-06

Starting Layer 5/24: fno_blocks.convs.2 [Imag]
  Type: complex_imag
  Valid: 69/100, NaN Rate: 31.0%
  Layer count dist: 2L=65, 3L=23, 4L=4, 5L=8
  Mean MSE: 1.896506e-07 ± 8.368966e-07

Starting Layer 6/24: fno_blocks.convs.3 [Real]
  Type: complex_real
  Valid: 73/100, NaN Rate: 27.0%
  Layer count dist: 2L=57, 3L=19, 4L=11, 5L=13
  Mean MSE: 1.677836e-04 ± 1.336519e-03

Starting Layer 7/24: fno_blocks.convs.3 [Imag]
  Type: complex_imag
  Valid: 75/100, NaN Rate: 25.0%
  Layer count dist: 2L=56, 3L=20, 4L=11, 5L=13
  Mean MSE: 2.884781e-05 ± 9.103972e-05

Starting Layer 8/24: fno_blocks.fno_skips.0.conv
  Type: real
  Valid: 71/100, NaN Rate: 29.0%
  Layer count dist: 2L=56, 3L=30, 4L=7, 5L=7
  Mean MSE: 4.398249e-05 ± 1.061740e-04

Starting Layer 9/24: fno_blocks.fno_skips.1.conv
  Type: real
  Valid: 72/100, NaN Rate: 28.0%
  Layer count dist: 2L=48, 3L=25, 4L=13, 5L=14
  Mean MSE: 3.217887e-05 ± 7.509576e-05

Starting Layer 10/24: fno_blocks.fno_skips.2.conv
  Type: real
  Valid: 77/100, NaN Rate: 23.0%
  Layer count dist: 2L=55, 3L=23, 4L=10, 5L=12
  Mean MSE: 3.341303e-05 ± 7.174051e-05

Starting Layer 11/24: fno_blocks.fno_skips.3.conv
  Type: real
  Valid: 69/100, NaN Rate: 31.0%
  Layer count dist: 2L=57, 3L=22, 4L=8, 5L=13
  Mean MSE: 1.174296e-04 ± 2.476646e-04

Starting Layer 12/24: fno_blocks.channel_mlp.0.fcs.0
  Type: real
  Valid: 72/100, NaN Rate: 28.0%
  Layer count dist: 2L=58, 3L=17, 4L=11, 5L=14
  Mean MSE: 7.550863e-04 ± 3.595290e-03

Starting Layer 13/24: fno_blocks.channel_mlp.0.fcs.1
  Type: real
  Valid: 65/100, NaN Rate: 35.0%
  Layer count dist: 2L=59, 3L=16, 4L=14, 5L=11
  Mean MSE: 2.259568e-04 ± 7.345397e-04

Starting Layer 14/24: fno_blocks.channel_mlp.1.fcs.0
  Type: real
  Valid: 56/100, NaN Rate: 44.0%
  Layer count dist: 2L=59, 3L=15, 4L=9, 5L=17
  Mean MSE: 4.241994e-04 ± 1.855301e-03

Starting Layer 15/24: fno_blocks.channel_mlp.1.fcs.1
  Type: real
  Valid: 69/100, NaN Rate: 31.0%
  Layer count dist: 2L=61, 3L=17, 4L=9, 5L=13
  Mean MSE: 3.292023e-04 ± 9.447165e-04

Starting Layer 16/24: fno_blocks.channel_mlp.2.fcs.0
  Type: real
  Valid: 70/100, NaN Rate: 30.0%
  Layer count dist: 2L=56, 3L=25, 4L=7, 5L=12
  Mean MSE: 5.785579e-04 ± 1.380865e-03

Starting Layer 17/24: fno_blocks.channel_mlp.2.fcs.1
  Type: real
  Valid: 69/100, NaN Rate: 31.0%
  Layer count dist: 2L=63, 3L=18, 4L=10, 5L=9
  Mean MSE: 4.260175e-04 ± 1.590841e-03

Starting Layer 18/24: fno_blocks.channel_mlp.3.fcs.0
  Type: real
  Valid: 67/100, NaN Rate: 33.0%
  Layer count dist: 2L=61, 3L=19, 4L=8, 5L=12
  Mean MSE: 1.051366e-03 ± 4.537647e-03

Starting Layer 19/24: fno_blocks.channel_mlp.3.fcs.1
  Type: real
  Valid: 74/100, NaN Rate: 26.0%
  Layer count dist: 2L=55, 3L=25, 4L=9, 5L=11
  Mean MSE: 3.200842e-02 ± 2.634817e-01

Starting Layer 20/24: lifting.fcs.0
  Type: real
  Valid: 79/100, NaN Rate: 21.0%
  Layer count dist: 2L=53, 3L=22, 4L=25, 5L=0
  Mean MSE: 1.711580e-03 ± 5.047838e-03

Starting Layer 21/24: lifting.fcs.1
  Type: real
  Valid: 72/100, NaN Rate: 28.0%
  Layer count dist: 2L=54, 3L=46, 4L=0, 5L=0
  Mean MSE: 6.335793e-03 ± 3.899913e-02

Starting Layer 22/24: projection.fcs.0
  Type: real
  Valid: 73/100, NaN Rate: 27.0%
  Layer count dist: 2L=100, 3L=0, 4L=0, 5L=0
  Mean MSE: 9.436957e-03 ± 3.460995e-02

Starting Layer 23/24: projection.fcs.1
  Type: real
  Valid: 0/100, NaN Rate: 0.0%
  Layer count dist: 2L=0, 3L=0, 4L=0, 5L=0

Distributed weight results saved to distributed_weight_quadrant_summary.csv

Quadrant comparison plot saved to: plots/distributed_quadrant_comparison_weight.png
Real vs Complex comparison plot saved to: plots/distributed_real_vs_complex_comparison.png

============================================================
STARTING DISTRIBUTED ACTIVATION FAULT INJECTION BY QUADRANT
============================================================

============================================================
DISTRIBUTED ACTIVATION FAULT INJECTION - BY BIT QUADRANT
============================================================
Distribution: 2 layers (60%), 3 layers (20%), 4 layers (10%), 5 layers (10%)
Note: All activations are real-valued (even after SpectralConv)

Found 24 injectable layer components

Collecting baseline (fault-free) outputs...
Collected 50 baseline outputs

============================================================
Processing Quadrant: Q1 (bits 0-7)
============================================================

Starting Layer 0/24: fno_blocks.convs.0 [Real]
  Valid: 100/100, NaN Rate: 0.0%
  Layer count dist: 2L=59, 3L=19, 4L=8, 5L=14
  Mean MSE: 6.013309e-12 ± 2.177185e-12

Starting Layer 1/24: fno_blocks.convs.0 [Imag]
  Valid: 100/100, NaN Rate: 0.0%
  Layer count dist: 2L=66, 3L=18, 4L=11, 5L=5
  Mean MSE: 7.430813e-12 ± 1.882744e-12

Starting Layer 2/24: fno_blocks.convs.1 [Real]
  Valid: 100/100, NaN Rate: 0.0%
  Layer count dist: 2L=66, 3L=17, 4L=7, 5L=10
  Mean MSE: 4.832671e-12 ± 1.823417e-12

Starting Layer 3/24: fno_blocks.convs.1 [Imag]
  Valid: 100/100, NaN Rate: 0.0%
  Layer count dist: 2L=54, 3L=23, 4L=12, 5L=11
  Mean MSE: 4.988165e-12 ± 2.054327e-12

Starting Layer 4/24: fno_blocks.convs.2 [Real]
  Valid: 100/100, NaN Rate: 0.0%
  Layer count dist: 2L=62, 3L=16, 4L=8, 5L=14
  Mean MSE: 1.545259e-12 ± 1.573161e-12

Starting Layer 5/24: fno_blocks.convs.2 [Imag]
  Valid: 100/100, NaN Rate: 0.0%
  Layer count dist: 2L=54, 3L=18, 4L=16, 5L=12
  Mean MSE: 2.103509e-12 ± 2.532893e-12

Starting Layer 6/24: fno_blocks.convs.3 [Real]
  Valid: 100/100, NaN Rate: 0.0%
  Layer count dist: 2L=59, 3L=27, 4L=8, 5L=6
  Mean MSE: 2.241714e-12 ± 3.089950e-12

Starting Layer 7/24: fno_blocks.convs.3 [Imag]
  Valid: 100/100, NaN Rate: 0.0%
  Layer count dist: 2L=65, 3L=21, 4L=8, 5L=6
  Mean MSE: 5.344490e-12 ± 2.393966e-12

Starting Layer 8/24: fno_blocks.fno_skips.0.conv
  Valid: 100/100, NaN Rate: 0.0%
  Layer count dist: 2L=58, 3L=16, 4L=14, 5L=12
  Mean MSE: 6.616904e-12 ± 2.259972e-12

Starting Layer 9/24: fno_blocks.fno_skips.1.conv
  Valid: 100/100, NaN Rate: 0.0%
  Layer count dist: 2L=65, 3L=20, 4L=6, 5L=9
  Mean MSE: 4.940179e-12 ± 2.700990e-12

Starting Layer 10/24: fno_blocks.fno_skips.2.conv
  Valid: 100/100, NaN Rate: 0.0%
  Layer count dist: 2L=65, 3L=17, 4L=8, 5L=10
  Mean MSE: 3.665512e-12 ± 4.009740e-12

Starting Layer 11/24: fno_blocks.fno_skips.3.conv
  Valid: 100/100, NaN Rate: 0.0%
  Layer count dist: 2L=57, 3L=20, 4L=15, 5L=8
  Mean MSE: 8.245919e-12 ± 2.433854e-12

Starting Layer 12/24: fno_blocks.channel_mlp.0.fcs.0
  Valid: 100/100, NaN Rate: 0.0%
  Layer count dist: 2L=66, 3L=20, 4L=5, 5L=9
  Mean MSE: 8.560132e-12 ± 1.769304e-12

Starting Layer 13/24: fno_blocks.channel_mlp.0.fcs.1
  Valid: 100/100, NaN Rate: 0.0%
  Layer count dist: 2L=60, 3L=21, 4L=7, 5L=12
  Mean MSE: 8.072357e-12 ± 1.912049e-12

Starting Layer 14/24: fno_blocks.channel_mlp.1.fcs.0
  Valid: 100/100, NaN Rate: 0.0%
  Layer count dist: 2L=60, 3L=16, 4L=10, 5L=14
  Mean MSE: 5.865035e-12 ± 2.147643e-12

Starting Layer 15/24: fno_blocks.channel_mlp.1.fcs.1
  Valid: 100/100, NaN Rate: 0.0%
  Layer count dist: 2L=65, 3L=11, 4L=13, 5L=11
  Mean MSE: 4.687800e-12 ± 2.004473e-12

Starting Layer 16/24: fno_blocks.channel_mlp.2.fcs.0
  Valid: 100/100, NaN Rate: 0.0%
  Layer count dist: 2L=57, 3L=21, 4L=11, 5L=11
  Mean MSE: 1.266607e-12 ± 7.677420e-13

Starting Layer 17/24: fno_blocks.channel_mlp.2.fcs.1
  Valid: 100/100, NaN Rate: 0.0%
  Layer count dist: 2L=68, 3L=15, 4L=7, 5L=10
  Mean MSE: 1.775431e-12 ± 2.855157e-12

Starting Layer 18/24: fno_blocks.channel_mlp.3.fcs.0
  Valid: 100/100, NaN Rate: 0.0%
  Layer count dist: 2L=59, 3L=23, 4L=13, 5L=5
  Mean MSE: 1.894341e-12 ± 3.957579e-12

Starting Layer 19/24: fno_blocks.channel_mlp.3.fcs.1
  Valid: 100/100, NaN Rate: 0.0%
  Layer count dist: 2L=64, 3L=18, 4L=13, 5L=5
  Mean MSE: 3.693675e-12 ± 4.987155e-12

Starting Layer 20/24: lifting.fcs.0
  Valid: 100/100, NaN Rate: 0.0%
  Layer count dist: 2L=64, 3L=12, 4L=24, 5L=0
  Mean MSE: 9.533671e-12 ± 2.431424e-12

Starting Layer 21/24: lifting.fcs.1
  Valid: 100/100, NaN Rate: 0.0%
  Layer count dist: 2L=64, 3L=36, 4L=0, 5L=0
  Mean MSE: 1.003826e-11 ± 2.507348e-12

Starting Layer 22/24: projection.fcs.0
  Valid: 100/100, NaN Rate: 0.0%
  Layer count dist: 2L=100, 3L=0, 4L=0, 5L=0
  Mean MSE: 2.421635e-14 ± 1.588982e-14

Starting Layer 23/24: projection.fcs.1
  Valid: 0/100, NaN Rate: 0.0%
  Layer count dist: 2L=0, 3L=0, 4L=0, 5L=0

============================================================
Processing Quadrant: Q2 (bits 8-15)
============================================================

Starting Layer 0/24: fno_blocks.convs.0 [Real]
  Valid: 100/100, NaN Rate: 0.0%
  Layer count dist: 2L=64, 3L=20, 4L=11, 5L=5
  Mean MSE: 2.798291e-11 ± 1.123883e-11

Starting Layer 1/24: fno_blocks.convs.0 [Imag]
  Valid: 100/100, NaN Rate: 0.0%
  Layer count dist: 2L=62, 3L=21, 4L=12, 5L=5
  Mean MSE: 3.717964e-11 ± 1.451605e-11

Starting Layer 2/24: fno_blocks.convs.1 [Real]
  Valid: 100/100, NaN Rate: 0.0%
  Layer count dist: 2L=63, 3L=17, 4L=8, 5L=12
  Mean MSE: 2.140039e-11 ± 8.611148e-12

Starting Layer 3/24: fno_blocks.convs.1 [Imag]
  Valid: 100/100, NaN Rate: 0.0%
  Layer count dist: 2L=61, 3L=15, 4L=9, 5L=15
  Mean MSE: 2.459402e-11 ± 8.451320e-12

Starting Layer 4/24: fno_blocks.convs.2 [Real]
  Valid: 100/100, NaN Rate: 0.0%
  Layer count dist: 2L=66, 3L=16, 4L=10, 5L=8
  Mean MSE: 9.832120e-12 ± 5.889122e-12

Starting Layer 5/24: fno_blocks.convs.2 [Imag]
  Valid: 100/100, NaN Rate: 0.0%
  Layer count dist: 2L=69, 3L=20, 4L=6, 5L=5
  Mean MSE: 1.129141e-11 ± 7.116946e-12

Starting Layer 6/24: fno_blocks.convs.3 [Real]
  Valid: 100/100, NaN Rate: 0.0%
  Layer count dist: 2L=58, 3L=22, 4L=5, 5L=15
  Mean MSE: 8.913835e-12 ± 9.607932e-12

Starting Layer 7/24: fno_blocks.convs.3 [Imag]
  Valid: 100/100, NaN Rate: 0.0%
  Layer count dist: 2L=56, 3L=24, 4L=7, 5L=13
  Mean MSE: 1.863538e-11 ± 6.960776e-12

Starting Layer 8/24: fno_blocks.fno_skips.0.conv
  Valid: 100/100, NaN Rate: 0.0%
  Layer count dist: 2L=65, 3L=18, 4L=11, 5L=6
  Mean MSE: 2.049851e-11 ± 9.185240e-12

Starting Layer 9/24: fno_blocks.fno_skips.1.conv
  Valid: 100/100, NaN Rate: 0.0%
  Layer count dist: 2L=67, 3L=16, 4L=6, 5L=11
  Mean MSE: 2.039074e-11 ± 1.936581e-11

Starting Layer 10/24: fno_blocks.fno_skips.2.conv
  Valid: 100/100, NaN Rate: 0.0%
  Layer count dist: 2L=54, 3L=26, 4L=9, 5L=11
  Mean MSE: 2.699441e-11 ± 2.883811e-11

Starting Layer 11/24: fno_blocks.fno_skips.3.conv
  Valid: 100/100, NaN Rate: 0.0%
  Layer count dist: 2L=60, 3L=22, 4L=7, 5L=11
  Mean MSE: 5.317873e-11 ± 2.613990e-11

Starting Layer 12/24: fno_blocks.channel_mlp.0.fcs.0
  Valid: 100/100, NaN Rate: 0.0%
  Layer count dist: 2L=66, 3L=17, 4L=10, 5L=7
  Mean MSE: 6.641592e-11 ± 2.895564e-11

Starting Layer 13/24: fno_blocks.channel_mlp.0.fcs.1
  Valid: 100/100, NaN Rate: 0.0%
  Layer count dist: 2L=58, 3L=27, 4L=9, 5L=6
  Mean MSE: 5.800337e-11 ± 1.991017e-11

Starting Layer 14/24: fno_blocks.channel_mlp.1.fcs.0
  Valid: 100/100, NaN Rate: 0.0%
  Layer count dist: 2L=62, 3L=18, 4L=7, 5L=13
  Mean MSE: 5.069544e-11 ± 1.843177e-11

Starting Layer 15/24: fno_blocks.channel_mlp.1.fcs.1
  Valid: 100/100, NaN Rate: 0.0%
  Layer count dist: 2L=67, 3L=16, 4L=6, 5L=11
  Mean MSE: 3.513396e-11 ± 1.259403e-11

Starting Layer 16/24: fno_blocks.channel_mlp.2.fcs.0
  Valid: 100/100, NaN Rate: 0.0%
  Layer count dist: 2L=56, 3L=22, 4L=13, 5L=9
  Mean MSE: 2.782527e-11 ± 1.290139e-11

Starting Layer 17/24: fno_blocks.channel_mlp.2.fcs.1
  Valid: 100/100, NaN Rate: 0.0%
  Layer count dist: 2L=54, 3L=22, 4L=17, 5L=7
  Mean MSE: 2.939453e-11 ± 2.645650e-11

Starting Layer 18/24: fno_blocks.channel_mlp.3.fcs.0
  Valid: 100/100, NaN Rate: 0.0%
  Layer count dist: 2L=53, 3L=22, 4L=12, 5L=13
  Mean MSE: 3.639445e-11 ± 4.043510e-11

Starting Layer 19/24: fno_blocks.channel_mlp.3.fcs.1
  Valid: 100/100, NaN Rate: 0.0%
  Layer count dist: 2L=58, 3L=22, 4L=9, 5L=11
  Mean MSE: 2.035112e-10 ± 4.812491e-10

Starting Layer 20/24: lifting.fcs.0
  Valid: 100/100, NaN Rate: 0.0%
  Layer count dist: 2L=51, 3L=23, 4L=26, 5L=0
  Mean MSE: 4.540697e-10 ± 7.223806e-10

Starting Layer 21/24: lifting.fcs.1
  Valid: 100/100, NaN Rate: 0.0%
  Layer count dist: 2L=62, 3L=38, 4L=0, 5L=0
  Mean MSE: 6.299900e-10 ± 9.171937e-10

Starting Layer 22/24: projection.fcs.0
  Valid: 100/100, NaN Rate: 0.0%
  Layer count dist: 2L=100, 3L=0, 4L=0, 5L=0
  Mean MSE: 1.443208e-09 ± 9.325755e-10

Starting Layer 23/24: projection.fcs.1
  Valid: 0/100, NaN Rate: 0.0%
  Layer count dist: 2L=0, 3L=0, 4L=0, 5L=0

============================================================
Processing Quadrant: Q3 (bits 16-23)
============================================================

Starting Layer 0/24: fno_blocks.convs.0 [Real]
  Valid: 100/100, NaN Rate: 0.0%
  Layer count dist: 2L=58, 3L=14, 4L=20, 5L=8
  Mean MSE: 1.438046e-08 ± 2.123770e-08

Starting Layer 1/24: fno_blocks.convs.0 [Imag]
  Valid: 100/100, NaN Rate: 0.0%
  Layer count dist: 2L=60, 3L=21, 4L=11, 5L=8
  Mean MSE: 1.915482e-08 ± 1.919655e-08

Starting Layer 2/24: fno_blocks.convs.1 [Real]
  Valid: 100/100, NaN Rate: 0.0%
  Layer count dist: 2L=50, 3L=32, 4L=8, 5L=10
  Mean MSE: 2.273798e-08 ± 7.624971e-08

Starting Layer 3/24: fno_blocks.convs.1 [Imag]
  Valid: 100/100, NaN Rate: 0.0%
  Layer count dist: 2L=68, 3L=17, 4L=8, 5L=7
  Mean MSE: 2.217168e-08 ± 5.943268e-08

Starting Layer 4/24: fno_blocks.convs.2 [Real]
  Valid: 100/100, NaN Rate: 0.0%
  Layer count dist: 2L=53, 3L=19, 4L=14, 5L=14
  Mean MSE: 2.687358e-08 ± 5.023511e-08

Starting Layer 5/24: fno_blocks.convs.2 [Imag]
  Valid: 100/100, NaN Rate: 0.0%
  Layer count dist: 2L=62, 3L=17, 4L=11, 5L=10
  Mean MSE: 4.190753e-08 ± 4.915837e-08

Starting Layer 6/24: fno_blocks.convs.3 [Real]
  Valid: 100/100, NaN Rate: 0.0%
  Layer count dist: 2L=57, 3L=24, 4L=9, 5L=10
  Mean MSE: 2.958987e-08 ± 3.222291e-08

Starting Layer 7/24: fno_blocks.convs.3 [Imag]
  Valid: 100/100, NaN Rate: 0.0%
  Layer count dist: 2L=51, 3L=22, 4L=15, 5L=12
  Mean MSE: 4.582692e-08 ± 6.338641e-08

Starting Layer 8/24: fno_blocks.fno_skips.0.conv
  Valid: 100/100, NaN Rate: 0.0%
  Layer count dist: 2L=64, 3L=13, 4L=12, 5L=11
  Mean MSE: 8.629833e-09 ± 1.471002e-08

Starting Layer 9/24: fno_blocks.fno_skips.1.conv
  Valid: 100/100, NaN Rate: 0.0%
  Layer count dist: 2L=57, 3L=22, 4L=13, 5L=8
  Mean MSE: 7.968941e-09 ± 1.329935e-08

Starting Layer 10/24: fno_blocks.fno_skips.2.conv
  Valid: 100/100, NaN Rate: 0.0%
  Layer count dist: 2L=51, 3L=29, 4L=8, 5L=12
  Mean MSE: 2.513341e-08 ± 6.652507e-08

Starting Layer 11/24: fno_blocks.fno_skips.3.conv
  Valid: 100/100, NaN Rate: 0.0%
  Layer count dist: 2L=64, 3L=20, 4L=8, 5L=8
  Mean MSE: 4.985249e-08 ± 1.220580e-07

Starting Layer 12/24: fno_blocks.channel_mlp.0.fcs.0
  Valid: 100/100, NaN Rate: 0.0%
  Layer count dist: 2L=62, 3L=14, 4L=10, 5L=14
  Mean MSE: 4.777415e-08 ± 5.132593e-08

Starting Layer 13/24: fno_blocks.channel_mlp.0.fcs.1
  Valid: 100/100, NaN Rate: 0.0%
  Layer count dist: 2L=70, 3L=12, 4L=10, 5L=8
  Mean MSE: 3.597589e-08 ± 3.056043e-08

Starting Layer 14/24: fno_blocks.channel_mlp.1.fcs.0
  Valid: 100/100, NaN Rate: 0.0%
  Layer count dist: 2L=58, 3L=18, 4L=12, 5L=12
  Mean MSE: 6.216141e-08 ± 1.036110e-07

Starting Layer 15/24: fno_blocks.channel_mlp.1.fcs.1
  Valid: 100/100, NaN Rate: 0.0%
  Layer count dist: 2L=65, 3L=20, 4L=8, 5L=7
  Mean MSE: 5.941756e-08 ± 8.932121e-08

Starting Layer 16/24: fno_blocks.channel_mlp.2.fcs.0
  Valid: 100/100, NaN Rate: 0.0%
  Layer count dist: 2L=67, 3L=8, 4L=11, 5L=14
  Mean MSE: 1.944958e-07 ± 3.932547e-07

Starting Layer 17/24: fno_blocks.channel_mlp.2.fcs.1
  Valid: 100/100, NaN Rate: 0.0%
  Layer count dist: 2L=67, 3L=17, 4L=7, 5L=9
  Mean MSE: 3.664895e-07 ± 6.061111e-07

Starting Layer 18/24: fno_blocks.channel_mlp.3.fcs.0
  Valid: 100/100, NaN Rate: 0.0%
  Layer count dist: 2L=57, 3L=19, 4L=13, 5L=11
  Mean MSE: 3.864106e-07 ± 4.367957e-07

Starting Layer 19/24: fno_blocks.channel_mlp.3.fcs.1
  Valid: 100/100, NaN Rate: 0.0%
  Layer count dist: 2L=65, 3L=13, 4L=9, 5L=13
  Mean MSE: 1.361104e-05 ± 4.223727e-05

Starting Layer 20/24: lifting.fcs.0
  Valid: 100/100, NaN Rate: 0.0%
  Layer count dist: 2L=62, 3L=22, 4L=16, 5L=0
  Mean MSE: 2.275402e-05 ± 6.483800e-05

Starting Layer 21/24: lifting.fcs.1
  Valid: 100/100, NaN Rate: 0.0%
  Layer count dist: 2L=55, 3L=45, 4L=0, 5L=0
  Mean MSE: 5.016055e-05 ± 7.507219e-05

Starting Layer 22/24: projection.fcs.0
  Valid: 100/100, NaN Rate: 0.0%
  Layer count dist: 2L=100, 3L=0, 4L=0, 5L=0
  Mean MSE: 9.778732e-05 ± 6.522412e-05

Starting Layer 23/24: projection.fcs.1
  Valid: 0/100, NaN Rate: 0.0%
  Layer count dist: 2L=0, 3L=0, 4L=0, 5L=0

============================================================
Processing Quadrant: Q4 (bits 24-31)
============================================================

Starting Layer 0/24: fno_blocks.convs.0 [Real]
  Valid: 2/100, NaN Rate: 98.0%
  Layer count dist: 2L=62, 3L=16, 4L=16, 5L=6
  Mean MSE: 1.933345e+32 ± 1.933345e+32

Starting Layer 1/24: fno_blocks.convs.0 [Imag]
  Valid: 0/100, NaN Rate: 100.0%
  Layer count dist: 2L=62, 3L=21, 4L=6, 5L=11

Starting Layer 2/24: fno_blocks.convs.1 [Real]
  Valid: 0/100, NaN Rate: 100.0%
  Layer count dist: 2L=52, 3L=23, 4L=10, 5L=15

Starting Layer 3/24: fno_blocks.convs.1 [Imag]
  Valid: 0/100, NaN Rate: 100.0%
  Layer count dist: 2L=51, 3L=19, 4L=15, 5L=15

Starting Layer 4/24: fno_blocks.convs.2 [Real]
  Valid: 0/100, NaN Rate: 100.0%
  Layer count dist: 2L=57, 3L=19, 4L=8, 5L=16

Starting Layer 5/24: fno_blocks.convs.2 [Imag]
  Valid: 0/100, NaN Rate: 100.0%
  Layer count dist: 2L=65, 3L=23, 4L=4, 5L=8

Starting Layer 6/24: fno_blocks.convs.3 [Real]
  Valid: 0/100, NaN Rate: 100.0%
  Layer count dist: 2L=57, 3L=19, 4L=11, 5L=13

Starting Layer 7/24: fno_blocks.convs.3 [Imag]
  Valid: 0/100, NaN Rate: 100.0%
  Layer count dist: 2L=56, 3L=20, 4L=11, 5L=13

Starting Layer 8/24: fno_blocks.fno_skips.0.conv
  Valid: 0/100, NaN Rate: 100.0%
  Layer count dist: 2L=56, 3L=30, 4L=7, 5L=7

Starting Layer 9/24: fno_blocks.fno_skips.1.conv
  Valid: 3/100, NaN Rate: 97.0%
  Layer count dist: 2L=48, 3L=25, 4L=13, 5L=14
  Mean MSE: 4.413977e-08 ± 1.368966e-08

Starting Layer 10/24: fno_blocks.fno_skips.2.conv
  Valid: 0/100, NaN Rate: 100.0%
  Layer count dist: 2L=55, 3L=23, 4L=10, 5L=12

Starting Layer 11/24: fno_blocks.fno_skips.3.conv
  Valid: 0/100, NaN Rate: 100.0%
  Layer count dist: 2L=57, 3L=22, 4L=8, 5L=13

Starting Layer 12/24: fno_blocks.channel_mlp.0.fcs.0
  Valid: 0/100, NaN Rate: 100.0%
  Layer count dist: 2L=58, 3L=17, 4L=11, 5L=14

Starting Layer 13/24: fno_blocks.channel_mlp.0.fcs.1
  Valid: 0/100, NaN Rate: 100.0%
  Layer count dist: 2L=59, 3L=16, 4L=14, 5L=11

Starting Layer 14/24: fno_blocks.channel_mlp.1.fcs.0
  Valid: 0/100, NaN Rate: 100.0%
  Layer count dist: 2L=59, 3L=15, 4L=9, 5L=17

Starting Layer 15/24: fno_blocks.channel_mlp.1.fcs.1
  Valid: 0/100, NaN Rate: 100.0%
  Layer count dist: 2L=61, 3L=17, 4L=9, 5L=13

Starting Layer 16/24: fno_blocks.channel_mlp.2.fcs.0
  Valid: 0/100, NaN Rate: 100.0%
  Layer count dist: 2L=56, 3L=25, 4L=7, 5L=12

Starting Layer 17/24: fno_blocks.channel_mlp.2.fcs.1
  Valid: 1/100, NaN Rate: 99.0%
  Layer count dist: 2L=63, 3L=18, 4L=10, 5L=9
  Mean MSE: 4.519947e-06 ± 0.000000e+00

Starting Layer 18/24: fno_blocks.channel_mlp.3.fcs.0
  Valid: 0/100, NaN Rate: 100.0%
  Layer count dist: 2L=61, 3L=19, 4L=8, 5L=12

Starting Layer 19/24: fno_blocks.channel_mlp.3.fcs.1
  Valid: 0/100, NaN Rate: 100.0%
  Layer count dist: 2L=55, 3L=25, 4L=9, 5L=11

Starting Layer 20/24: lifting.fcs.0
  Valid: 0/100, NaN Rate: 100.0%
  Layer count dist: 2L=53, 3L=22, 4L=25, 5L=0

Starting Layer 21/24: lifting.fcs.1
  Valid: 0/100, NaN Rate: 100.0%
  Layer count dist: 2L=54, 3L=46, 4L=0, 5L=0

Starting Layer 22/24: projection.fcs.0
  Valid: 0/100, NaN Rate: 100.0%
  Layer count dist: 2L=100, 3L=0, 4L=0, 5L=0

Starting Layer 23/24: projection.fcs.1
  Valid: 0/100, NaN Rate: 0.0%
  Layer count dist: 2L=0, 3L=0, 4L=0, 5L=0

Distributed activation results saved to distributed_activation_quadrant_summary.csv

Quadrant comparison plot saved to: plots/distributed_quadrant_comparison_activation.png

============================================================
DISTRIBUTED FAULT QUADRANT ANALYSIS SUMMARY
============================================================

--- Distributed Weight Faults ---
                         Layer  Q1 (bits 0-7)_MSE  Q1 (bits 0-7)_Std  Q1 (bits 0-7)_NaN%  Q2 (bits 8-15)_MSE  Q2 (bits 8-15)_Std  Q2 (bits 8-15)_NaN%  Q3 (bits 16-23)_MSE  Q3 (bits 16-23)_Std  Q3 (bits 16-23)_NaN%  Q4 (bits 24-31)_MSE  Q4 (bits 24-31)_Std  Q4 (bits 24-31)_NaN%
     fno_blocks.convs.0 [Real]       5.328198e-12       3.936179e-12                 0.0        1.094759e-11        4.713437e-12                  0.0         1.578149e-09         6.487265e-09                   0.0         6.158706e-08         4.376835e-07                  23.0
     fno_blocks.convs.0 [Imag]       4.915353e-12       3.513139e-12                 0.0        1.311375e-11        9.658851e-12                  0.0         3.510709e-09         2.157114e-08                   0.0         1.879258e-08         5.979245e-08                  30.0
     fno_blocks.convs.1 [Real]       4.547087e-12       2.519571e-12                 0.0        1.073044e-11        4.114277e-12                  0.0         1.287161e-09         1.513178e-09                   0.0         8.015872e-09         1.053055e-08                  35.0
     fno_blocks.convs.1 [Imag]       3.756438e-12       2.814366e-12                 0.0        1.018494e-11        4.803223e-12                  0.0         9.732685e-10         1.159669e-09                   0.0         2.652399e-08         9.982466e-08                  33.0
     fno_blocks.convs.2 [Real]       2.514397e-12       3.383113e-12                 0.0        1.519731e-11        4.286156e-11                  0.0         8.099154e-09         5.509088e-08                   0.0         5.042119e-07         2.506923e-06                  27.0
     fno_blocks.convs.2 [Imag]       3.255808e-12       4.096114e-12                 0.0        1.651163e-11        6.922873e-11                  0.0         1.511857e-08         6.827624e-08                   0.0         1.896506e-07         8.368966e-07                  31.0
     fno_blocks.convs.3 [Real]       3.755772e-12       4.645553e-12                 0.0        6.530578e-11        1.422184e-10                  0.0         8.997124e-08         4.285872e-07                   0.0         1.677836e-04         1.336519e-03                  27.0
     fno_blocks.convs.3 [Imag]       1.014214e-11       2.280680e-12                 0.0        1.261015e-10        2.352775e-10                  0.0         2.221672e-07         8.283046e-07                   0.0         2.884781e-05         9.103972e-05                  25.0
   fno_blocks.fno_skips.0.conv       9.695692e-12       1.984225e-12                 0.0        1.620227e-10        2.315370e-10                  0.0         4.519787e-07         2.955050e-06                   0.0         4.398249e-05         1.061740e-04                  29.0
   fno_blocks.fno_skips.1.conv       7.359853e-12       2.609441e-12                 0.0        1.479094e-10        2.566104e-10                  0.0         1.894978e-06         8.787245e-06                   0.0         3.217887e-05         7.509576e-05                  28.0
   fno_blocks.fno_skips.2.conv       5.004098e-12       4.334868e-12                 0.0        2.541442e-10        4.915673e-10                  0.0         3.278539e-06         1.597632e-05                   0.0         3.341303e-05         7.174051e-05                  23.0
   fno_blocks.fno_skips.3.conv       9.947463e-12       2.819785e-12                 0.0        5.517538e-10        1.081515e-09                  0.0         4.890647e-06         2.201571e-05                   0.0         1.174296e-04         2.476646e-04                  31.0
fno_blocks.channel_mlp.0.fcs.0       1.016560e-11       2.361235e-12                 0.0        7.706094e-10        1.342013e-09                  0.0         1.492079e-05         5.023070e-05                   0.0         7.550863e-04         3.595290e-03                  28.0
fno_blocks.channel_mlp.0.fcs.1       9.956291e-12       2.680486e-12                 0.0        8.399956e-10        2.211471e-09                  0.0         5.218958e-06         1.434974e-05                   0.0         2.259568e-04         7.345397e-04                  35.0
fno_blocks.channel_mlp.1.fcs.0       7.910213e-12       2.566283e-12                 0.0        5.599039e-10        8.748314e-10                  0.0         3.093623e-06         6.948502e-06                   0.0         4.241994e-04         1.855301e-03                  44.0
fno_blocks.channel_mlp.1.fcs.1       7.183404e-12       3.296161e-12                 0.0        6.481345e-10        1.404132e-09                  0.0         3.314041e-06         1.085100e-05                   0.0         3.292023e-04         9.447165e-04                  31.0
fno_blocks.channel_mlp.2.fcs.0       6.131643e-12       1.553431e-11                 0.0        6.919374e-10        2.701001e-09                  0.0         1.025133e-05         6.656208e-05                   0.0         5.785579e-04         1.380865e-03                  30.0
fno_blocks.channel_mlp.2.fcs.1       7.238409e-12       1.290087e-11                 0.0        4.656484e-10        6.901429e-10                  0.0         1.538143e-05         1.113896e-04                   0.0         4.260175e-04         1.590841e-03                  31.0
fno_blocks.channel_mlp.3.fcs.0       1.156256e-11       2.582759e-11                 0.0        9.333485e-10        1.938370e-09                  0.0         2.878551e-05         1.565192e-04                   0.0         1.051366e-03         4.537647e-03                  33.0
fno_blocks.channel_mlp.3.fcs.1       2.679907e-11       4.741762e-11                 0.0        1.161045e-09        2.502205e-09                  0.0         3.818869e-05         2.431250e-04                   0.0         3.200842e-02         2.634817e-01                  26.0
                 lifting.fcs.0       2.689844e-11       4.658444e-11                 0.0        2.821216e-09        7.930608e-09                  0.0         5.065614e-05         3.309502e-04                   0.0         1.711580e-03         5.047838e-03                  21.0
                 lifting.fcs.1       2.088604e-15       9.309362e-15                 0.0        6.215878e-10        3.315958e-09                  0.0         4.489022e-05         2.916634e-04                   0.0         6.335793e-03         3.899913e-02                  28.0
              projection.fcs.0       7.318706e-14       3.570064e-13                 0.0        1.600092e-09        7.252096e-09                  0.0         1.467983e-05         4.894555e-05                   0.0         9.436957e-03         3.460995e-02                  27.0
              projection.fcs.1                NaN                NaN                 0.0                 NaN                 NaN                  0.0                  NaN                  NaN                   0.0                  NaN                  NaN                   0.0


--- Distributed Activation Faults ---
                         Layer  Q1 (bits 0-7)_MSE  Q1 (bits 0-7)_Std  Q1 (bits 0-7)_NaN%  Q2 (bits 8-15)_MSE  Q2 (bits 8-15)_Std  Q2 (bits 8-15)_NaN%  Q3 (bits 16-23)_MSE  Q3 (bits 16-23)_Std  Q3 (bits 16-23)_NaN%  Q4 (bits 24-31)_MSE  Q4 (bits 24-31)_Std  Q4 (bits 24-31)_NaN%
     fno_blocks.convs.0 [Real]       6.013309e-12       2.177185e-12                 0.0        2.798291e-11        1.123883e-11                  0.0         1.438046e-08         2.123770e-08                   0.0         1.933345e+32         1.933345e+32                  98.0
     fno_blocks.convs.0 [Imag]       7.430813e-12       1.882744e-12                 0.0        3.717964e-11        1.451605e-11                  0.0         1.915482e-08         1.919655e-08                   0.0                  NaN                  NaN                 100.0
     fno_blocks.convs.1 [Real]       4.832671e-12       1.823417e-12                 0.0        2.140039e-11        8.611148e-12                  0.0         2.273798e-08         7.624971e-08                   0.0                  NaN                  NaN                 100.0
     fno_blocks.convs.1 [Imag]       4.988165e-12       2.054327e-12                 0.0        2.459402e-11        8.451320e-12                  0.0         2.217168e-08         5.943268e-08                   0.0                  NaN                  NaN                 100.0
     fno_blocks.convs.2 [Real]       1.545259e-12       1.573161e-12                 0.0        9.832120e-12        5.889122e-12                  0.0         2.687358e-08         5.023511e-08                   0.0                  NaN                  NaN                 100.0
     fno_blocks.convs.2 [Imag]       2.103509e-12       2.532893e-12                 0.0        1.129141e-11        7.116946e-12                  0.0         4.190753e-08         4.915837e-08                   0.0                  NaN                  NaN                 100.0
     fno_blocks.convs.3 [Real]       2.241714e-12       3.089950e-12                 0.0        8.913835e-12        9.607932e-12                  0.0         2.958987e-08         3.222291e-08                   0.0                  NaN                  NaN                 100.0
     fno_blocks.convs.3 [Imag]       5.344490e-12       2.393966e-12                 0.0        1.863538e-11        6.960776e-12                  0.0         4.582692e-08         6.338641e-08                   0.0                  NaN                  NaN                 100.0
   fno_blocks.fno_skips.0.conv       6.616904e-12       2.259972e-12                 0.0        2.049851e-11        9.185240e-12                  0.0         8.629833e-09         1.471002e-08                   0.0                  NaN                  NaN                 100.0
   fno_blocks.fno_skips.1.conv       4.940179e-12       2.700990e-12                 0.0        2.039074e-11        1.936581e-11                  0.0         7.968941e-09         1.329935e-08                   0.0         4.413977e-08         1.368966e-08                  97.0
   fno_blocks.fno_skips.2.conv       3.665512e-12       4.009740e-12                 0.0        2.699441e-11        2.883811e-11                  0.0         2.513341e-08         6.652507e-08                   0.0                  NaN                  NaN                 100.0
   fno_blocks.fno_skips.3.conv       8.245919e-12       2.433854e-12                 0.0        5.317873e-11        2.613990e-11                  0.0         4.985249e-08         1.220580e-07                   0.0                  NaN                  NaN                 100.0
fno_blocks.channel_mlp.0.fcs.0       8.560132e-12       1.769304e-12                 0.0        6.641592e-11        2.895564e-11                  0.0         4.777415e-08         5.132593e-08                   0.0                  NaN                  NaN                 100.0
fno_blocks.channel_mlp.0.fcs.1       8.072357e-12       1.912049e-12                 0.0        5.800337e-11        1.991017e-11                  0.0         3.597589e-08         3.056043e-08                   0.0                  NaN                  NaN                 100.0
fno_blocks.channel_mlp.1.fcs.0       5.865035e-12       2.147643e-12                 0.0        5.069544e-11        1.843177e-11                  0.0         6.216141e-08         1.036110e-07                   0.0                  NaN                  NaN                 100.0
fno_blocks.channel_mlp.1.fcs.1       4.687800e-12       2.004473e-12                 0.0        3.513396e-11        1.259403e-11                  0.0         5.941756e-08         8.932121e-08                   0.0                  NaN                  NaN                 100.0
fno_blocks.channel_mlp.2.fcs.0       1.266607e-12       7.677420e-13                 0.0        2.782527e-11        1.290139e-11                  0.0         1.944958e-07         3.932547e-07                   0.0                  NaN                  NaN                 100.0
fno_blocks.channel_mlp.2.fcs.1       1.775431e-12       2.855157e-12                 0.0        2.939453e-11        2.645650e-11                  0.0         3.664895e-07         6.061111e-07                   0.0         4.519947e-06         0.000000e+00                  99.0
fno_blocks.channel_mlp.3.fcs.0       1.894341e-12       3.957579e-12                 0.0        3.639445e-11        4.043510e-11                  0.0         3.864106e-07         4.367957e-07                   0.0                  NaN                  NaN                 100.0
fno_blocks.channel_mlp.3.fcs.1       3.693675e-12       4.987155e-12                 0.0        2.035112e-10        4.812491e-10                  0.0         1.361104e-05         4.223727e-05                   0.0                  NaN                  NaN                 100.0
                 lifting.fcs.0       9.533671e-12       2.431424e-12                 0.0        4.540697e-10        7.223806e-10                  0.0         2.275402e-05         6.483800e-05                   0.0                  NaN                  NaN                 100.0
                 lifting.fcs.1       1.003826e-11       2.507348e-12                 0.0        6.299900e-10        9.171937e-10                  0.0         5.016055e-05         7.507219e-05                   0.0                  NaN                  NaN                 100.0
              projection.fcs.0       2.421635e-14       1.588982e-14                 0.0        1.443208e-09        9.325755e-10                  0.0         9.778732e-05         6.522412e-05                   0.0                  NaN                  NaN                 100.0
              projection.fcs.1                NaN                NaN                 0.0                 NaN                 NaN                  0.0                  NaN                  NaN                   0.0                  NaN                  NaN                   0.0

============================================================
SPECTRAL CONVOLUTION: REAL vs IMAGINARY COMPONENT SENSITIVITY (DISTRIBUTED)
============================================================

Q1 (bits 0-7):
  fno_blocks.convs.0 [Real]: 5.328198e-12
  fno_blocks.convs.0 [Imag]: 4.915353e-12
  fno_blocks.convs.1 [Real]: 4.547087e-12
  fno_blocks.convs.1 [Imag]: 3.756438e-12
  fno_blocks.convs.2 [Real]: 2.514397e-12
  fno_blocks.convs.2 [Imag]: 3.255808e-12
  fno_blocks.convs.3 [Real]: 3.755772e-12
  fno_blocks.convs.3 [Imag]: 1.014214e-11

Q2 (bits 8-15):
  fno_blocks.convs.0 [Real]: 1.094759e-11
  fno_blocks.convs.0 [Imag]: 1.311375e-11
  fno_blocks.convs.1 [Real]: 1.073044e-11
  fno_blocks.convs.1 [Imag]: 1.018494e-11
  fno_blocks.convs.2 [Real]: 1.519731e-11
  fno_blocks.convs.2 [Imag]: 1.651163e-11
  fno_blocks.convs.3 [Real]: 6.530578e-11
  fno_blocks.convs.3 [Imag]: 1.261015e-10

Q3 (bits 16-23):
  fno_blocks.convs.0 [Real]: 1.578149e-09
  fno_blocks.convs.0 [Imag]: 3.510709e-09
  fno_blocks.convs.1 [Real]: 1.287161e-09
  fno_blocks.convs.1 [Imag]: 9.732685e-10
  fno_blocks.convs.2 [Real]: 8.099154e-09
  fno_blocks.convs.2 [Imag]: 1.511857e-08
  fno_blocks.convs.3 [Real]: 8.997124e-08
  fno_blocks.convs.3 [Imag]: 2.221672e-07

Q4 (bits 24-31):
  fno_blocks.convs.0 [Real]: 6.158706e-08
  fno_blocks.convs.0 [Imag]: 1.879258e-08
  fno_blocks.convs.1 [Real]: 8.015872e-09
  fno_blocks.convs.1 [Imag]: 2.652399e-08
  fno_blocks.convs.2 [Real]: 5.042119e-07
  fno_blocks.convs.2 [Imag]: 1.896506e-07
  fno_blocks.convs.3 [Real]: 1.677836e-04
  fno_blocks.convs.3 [Imag]: 2.884781e-05

============================================================
MOST CRITICAL BIT QUADRANTS (DISTRIBUTED FAULTS)
============================================================

Q1 (bits 0-7):
  Weight NaN Rate: 0.0%
  Activation NaN Rate: 0.0%

Q2 (bits 8-15):
  Weight NaN Rate: 0.0%
  Activation NaN Rate: 0.0%

Q3 (bits 16-23):
  Weight NaN Rate: 0.0%
  Activation NaN Rate: 0.0%

Q4 (bits 24-31):
  Weight NaN Rate: 28.2%
  Activation NaN Rate: 95.6%
