(cs6886_project) rahulak@Rimo-server:LayerWiseFaultInjection$ python singleBitFlipLayer.py
Running on device: cuda
Loading test db for resolution 32 with 100 samples 
Loading test db for resolution 64 with 50 samples 

Configuration:
  Trials per layer per quadrant: 100
  Test samples: 50
  Bit Quadrants:
    Q1 (bits 0-7): [0, 1, 2, 3, 4, 5, 6, 7]
    Q2 (bits 8-15): [8, 9, 10, 11, 12, 13, 14, 15]
    Q3 (bits 16-23): [16, 17, 18, 19, 20, 21, 22, 23]
    Q4 (bits 24-31): [24, 25, 26, 27, 28, 29, 30, 31]

============================================================
STARTING WEIGHT FAULT INJECTION BY QUADRANT
============================================================

============================================================
WEIGHT FAULT INJECTION - BY BIT QUADRANT
============================================================

Found 16 injectable layers

Collecting baseline (fault-free) outputs...
Collected 50 baseline outputs

============================================================
Processing Quadrant: Q1 (bits 0-7)
============================================================

Layer 0/16: fno_blocks.fno_skips.0.conv
  Trials: 100%|█████████████████████████████████████████████| 100/100 [00:13<00:00,  7.57it/s]
  Valid: 100/100, NaN Rate: 0.0%
  Mean MSE: 9.325113e-12 ± 2.236895e-12

Layer 1/16: fno_blocks.fno_skips.1.conv
  Trials: 100%|█████████████████████████████████████████████| 100/100 [00:13<00:00,  7.58it/s]
  Valid: 100/100, NaN Rate: 0.0%
  Mean MSE: 6.744038e-12 ± 2.260546e-12

Layer 2/16: fno_blocks.fno_skips.2.conv
  Trials: 100%|█████████████████████████████████████████████| 100/100 [00:13<00:00,  7.58it/s]
  Valid: 100/100, NaN Rate: 0.0%
  Mean MSE: 2.340454e-12 ± 1.592476e-12

Layer 3/16: fno_blocks.fno_skips.3.conv
  Trials: 100%|█████████████████████████████████████████████| 100/100 [00:13<00:00,  7.58it/s]
  Valid: 100/100, NaN Rate: 0.0%
  Mean MSE: 2.529985e-13 ± 7.029968e-13

Layer 4/16: fno_blocks.channel_mlp.0.fcs.0
  Trials: 100%|█████████████████████████████████████████████| 100/100 [00:13<00:00,  7.58it/s]
  Valid: 100/100, NaN Rate: 0.0%
  Mean MSE: 9.976700e-12 ± 2.860497e-12

Layer 5/16: fno_blocks.channel_mlp.0.fcs.1
  Trials: 100%|█████████████████████████████████████████████| 100/100 [00:13<00:00,  7.57it/s]
  Valid: 100/100, NaN Rate: 0.0%
  Mean MSE: 1.016992e-11 ± 3.970947e-12

Layer 6/16: fno_blocks.channel_mlp.1.fcs.0
  Trials: 100%|█████████████████████████████████████████████| 100/100 [00:13<00:00,  7.57it/s]
  Valid: 100/100, NaN Rate: 0.0%
  Mean MSE: 7.547306e-12 ± 2.393120e-12

Layer 7/16: fno_blocks.channel_mlp.1.fcs.1
  Trials: 100%|█████████████████████████████████████████████| 100/100 [00:13<00:00,  7.57it/s]
  Valid: 100/100, NaN Rate: 0.0%
  Mean MSE: 6.395665e-12 ± 2.271607e-12

Layer 8/16: fno_blocks.channel_mlp.2.fcs.0
  Trials: 100%|█████████████████████████████████████████████| 100/100 [00:13<00:00,  7.57it/s]
  Valid: 100/100, NaN Rate: 0.0%
  Mean MSE: 2.871085e-12 ± 1.939727e-12

Layer 9/16: fno_blocks.channel_mlp.2.fcs.1
  Trials: 100%|█████████████████████████████████████████████| 100/100 [00:13<00:00,  7.57it/s]
  Valid: 100/100, NaN Rate: 0.0%
  Mean MSE: 2.102492e-12 ± 2.617197e-12

Layer 10/16: fno_blocks.channel_mlp.3.fcs.0
  Trials: 100%|█████████████████████████████████████████████| 100/100 [00:13<00:00,  7.57it/s]
  Valid: 100/100, NaN Rate: 0.0%
  Mean MSE: 7.006333e-13 ± 1.532603e-12

Layer 11/16: fno_blocks.channel_mlp.3.fcs.1
  Trials: 100%|█████████████████████████████████████████████| 100/100 [00:13<00:00,  7.57it/s]
  Valid: 100/100, NaN Rate: 0.0%
  Mean MSE: 4.717499e-13 ± 2.210743e-12

Layer 12/16: lifting.fcs.0
  Trials: 100%|█████████████████████████████████████████████| 100/100 [00:13<00:00,  7.58it/s]
  Valid: 100/100, NaN Rate: 0.0%
  Mean MSE: 3.174801e-11 ± 6.065184e-11

Layer 13/16: lifting.fcs.1
  Trials: 100%|█████████████████████████████████████████████| 100/100 [00:13<00:00,  7.58it/s]
  Valid: 100/100, NaN Rate: 0.0%
  Mean MSE: 0.000000e+00 ± 0.000000e+00

Layer 14/16: projection.fcs.0
  Trials: 100%|█████████████████████████████████████████████| 100/100 [00:13<00:00,  7.57it/s]
  Valid: 100/100, NaN Rate: 0.0%
  Mean MSE: 0.000000e+00 ± 0.000000e+00

Layer 15/16: projection.fcs.1
  Trials: 100%|█████████████████████████████████████████████| 100/100 [00:13<00:00,  7.58it/s]
  Valid: 100/100, NaN Rate: 0.0%
  Mean MSE: 2.321999e-14 ± 1.094819e-13

============================================================
Processing Quadrant: Q2 (bits 8-15)
============================================================

Layer 0/16: fno_blocks.fno_skips.0.conv
  Trials: 100%|█████████████████████████████████████████████| 100/100 [00:13<00:00,  7.57it/s]
  Valid: 100/100, NaN Rate: 0.0%
  Mean MSE: 5.744238e-11 ± 1.112667e-10

Layer 1/16: fno_blocks.fno_skips.1.conv
  Trials: 100%|█████████████████████████████████████████████| 100/100 [00:13<00:00,  7.56it/s]
  Valid: 100/100, NaN Rate: 0.0%
  Mean MSE: 6.469576e-11 ± 8.676537e-11

Layer 2/16: fno_blocks.fno_skips.2.conv
  Trials: 100%|█████████████████████████████████████████████| 100/100 [00:13<00:00,  7.57it/s]
  Valid: 100/100, NaN Rate: 0.0%
  Mean MSE: 1.011484e-10 ± 4.041811e-10

Layer 3/16: fno_blocks.fno_skips.3.conv
  Trials: 100%|█████████████████████████████████████████████| 100/100 [00:13<00:00,  7.56it/s]
  Valid: 100/100, NaN Rate: 0.0%
  Mean MSE: 3.931052e-11 ± 1.119389e-10

Layer 4/16: fno_blocks.channel_mlp.0.fcs.0
  Trials: 100%|█████████████████████████████████████████████| 100/100 [00:13<00:00,  7.56it/s]
  Valid: 100/100, NaN Rate: 0.0%
  Mean MSE: 4.748358e-10 ± 1.205832e-09

Layer 5/16: fno_blocks.channel_mlp.0.fcs.1
  Trials: 100%|█████████████████████████████████████████████| 100/100 [00:13<00:00,  7.56it/s]
  Valid: 100/100, NaN Rate: 0.0%
  Mean MSE: 4.481636e-10 ± 8.332341e-10

Layer 6/16: fno_blocks.channel_mlp.1.fcs.0
  Trials: 100%|█████████████████████████████████████████████| 100/100 [00:13<00:00,  7.56it/s]
  Valid: 100/100, NaN Rate: 0.0%
  Mean MSE: 2.897360e-10 ± 7.053327e-10

Layer 7/16: fno_blocks.channel_mlp.1.fcs.1
  Trials: 100%|█████████████████████████████████████████████| 100/100 [00:13<00:00,  7.56it/s]
  Valid: 100/100, NaN Rate: 0.0%
  Mean MSE: 2.295109e-10 ± 7.102016e-10

Layer 8/16: fno_blocks.channel_mlp.2.fcs.0
  Trials: 100%|█████████████████████████████████████████████| 100/100 [00:13<00:00,  7.56it/s]
  Valid: 100/100, NaN Rate: 0.0%
  Mean MSE: 1.728586e-10 ± 3.857640e-10

Layer 9/16: fno_blocks.channel_mlp.2.fcs.1
  Trials: 100%|█████████████████████████████████████████████| 100/100 [00:13<00:00,  7.56it/s]
  Valid: 100/100, NaN Rate: 0.0%
  Mean MSE: 1.596635e-10 ± 3.785554e-10

Layer 10/16: fno_blocks.channel_mlp.3.fcs.0
  Trials: 100%|█████████████████████████████████████████████| 100/100 [00:13<00:00,  7.56it/s]
  Valid: 100/100, NaN Rate: 0.0%
  Mean MSE: 3.153707e-10 ± 7.150528e-10

Layer 11/16: fno_blocks.channel_mlp.3.fcs.1
  Trials: 100%|█████████████████████████████████████████████| 100/100 [00:13<00:00,  7.56it/s]
  Valid: 100/100, NaN Rate: 0.0%
  Mean MSE: 4.515302e-11 ± 1.330762e-10

Layer 12/16: lifting.fcs.0
  Trials: 100%|█████████████████████████████████████████████| 100/100 [00:13<00:00,  7.56it/s]
  Valid: 100/100, NaN Rate: 0.0%
  Mean MSE: 2.072021e-09 ± 5.646301e-09

Layer 13/16: lifting.fcs.1
  Trials: 100%|█████████████████████████████████████████████| 100/100 [00:13<00:00,  7.56it/s]
  Valid: 100/100, NaN Rate: 0.0%
  Mean MSE: 1.454685e-10 ± 3.563306e-10

Layer 14/16: projection.fcs.0
  Trials: 100%|█████████████████████████████████████████████| 100/100 [00:13<00:00,  7.56it/s]
  Valid: 100/100, NaN Rate: 0.0%
  Mean MSE: 2.996330e-12 ± 2.297862e-11

Layer 15/16: projection.fcs.1
  Trials: 100%|█████████████████████████████████████████████| 100/100 [00:13<00:00,  7.56it/s]
  Valid: 100/100, NaN Rate: 0.0%
  Mean MSE: 1.673155e-09 ± 7.294305e-09

============================================================
Processing Quadrant: Q3 (bits 16-23)
============================================================

Layer 0/16: fno_blocks.fno_skips.0.conv
  Trials: 100%|█████████████████████████████████████████████| 100/100 [00:13<00:00,  7.57it/s]
  Valid: 100/100, NaN Rate: 0.0%
  Mean MSE: 4.707845e-08 ± 1.562929e-07

Layer 1/16: fno_blocks.fno_skips.1.conv
  Trials: 100%|█████████████████████████████████████████████| 100/100 [00:13<00:00,  7.56it/s]
  Valid: 100/100, NaN Rate: 0.0%
  Mean MSE: 7.323443e-07 ± 6.244828e-06

Layer 2/16: fno_blocks.fno_skips.2.conv
  Trials: 100%|█████████████████████████████████████████████| 100/100 [00:13<00:00,  7.56it/s]
  Valid: 100/100, NaN Rate: 0.0%
  Mean MSE: 5.642588e-07 ± 2.779378e-06

Layer 3/16: fno_blocks.fno_skips.3.conv
  Trials: 100%|█████████████████████████████████████████████| 100/100 [00:13<00:00,  7.56it/s]
  Valid: 100/100, NaN Rate: 0.0%
  Mean MSE: 1.184615e-07 ± 7.678386e-07

Layer 4/16: fno_blocks.channel_mlp.0.fcs.0
  Trials: 100%|█████████████████████████████████████████████| 100/100 [00:13<00:00,  7.56it/s]
  Valid: 100/100, NaN Rate: 0.0%
  Mean MSE: 9.393154e-07 ± 2.422875e-06

Layer 5/16: fno_blocks.channel_mlp.0.fcs.1
  Trials: 100%|█████████████████████████████████████████████| 100/100 [00:13<00:00,  7.56it/s]
  Valid: 100/100, NaN Rate: 0.0%
  Mean MSE: 1.741942e-06 ± 5.342931e-06

Layer 6/16: fno_blocks.channel_mlp.1.fcs.0
  Trials: 100%|█████████████████████████████████████████████| 100/100 [00:13<00:00,  7.56it/s]
  Valid: 100/100, NaN Rate: 0.0%
  Mean MSE: 9.877515e-07 ± 3.539638e-06

Layer 7/16: fno_blocks.channel_mlp.1.fcs.1
  Trials: 100%|█████████████████████████████████████████████| 100/100 [00:13<00:00,  7.56it/s]
  Valid: 100/100, NaN Rate: 0.0%
  Mean MSE: 1.012943e-06 ± 2.322699e-06

Layer 8/16: fno_blocks.channel_mlp.2.fcs.0
  Trials: 100%|█████████████████████████████████████████████| 100/100 [00:13<00:00,  7.56it/s]
  Valid: 100/100, NaN Rate: 0.0%
  Mean MSE: 5.772212e-06 ± 5.076544e-05

Layer 9/16: fno_blocks.channel_mlp.2.fcs.1
  Trials: 100%|█████████████████████████████████████████████| 100/100 [00:13<00:00,  7.55it/s]
  Valid: 100/100, NaN Rate: 0.0%
  Mean MSE: 1.119857e-06 ± 8.899609e-06

Layer 10/16: fno_blocks.channel_mlp.3.fcs.0
  Trials: 100%|█████████████████████████████████████████████| 100/100 [00:13<00:00,  7.56it/s]
  Valid: 100/100, NaN Rate: 0.0%
  Mean MSE: 9.016389e-07 ± 3.489738e-06

Layer 11/16: fno_blocks.channel_mlp.3.fcs.1
  Trials: 100%|█████████████████████████████████████████████| 100/100 [00:13<00:00,  7.56it/s]
  Valid: 100/100, NaN Rate: 0.0%
  Mean MSE: 2.676487e-06 ± 1.527789e-05

Layer 12/16: lifting.fcs.0
  Trials: 100%|█████████████████████████████████████████████| 100/100 [00:13<00:00,  7.56it/s]
  Valid: 100/100, NaN Rate: 0.0%
  Mean MSE: 4.610827e-05 ± 2.736947e-04

Layer 13/16: lifting.fcs.1
  Trials: 100%|█████████████████████████████████████████████| 100/100 [00:13<00:00,  7.56it/s]
  Valid: 100/100, NaN Rate: 0.0%
  Mean MSE: 3.530516e-07 ± 2.203457e-06

Layer 14/16: projection.fcs.0
  Trials: 100%|█████████████████████████████████████████████| 100/100 [00:13<00:00,  7.55it/s]
  Valid: 100/100, NaN Rate: 0.0%
  Mean MSE: 2.602408e-06 ± 2.235415e-05

Layer 15/16: projection.fcs.1
  Trials: 100%|█████████████████████████████████████████████| 100/100 [00:13<00:00,  7.56it/s]
  Valid: 100/100, NaN Rate: 0.0%
  Mean MSE: 2.260263e-04 ± 1.756668e-03

============================================================
Processing Quadrant: Q4 (bits 24-31)
============================================================

Layer 0/16: fno_blocks.fno_skips.0.conv
  Trials: 100%|█████████████████████████████████████████████| 100/100 [00:11<00:00,  8.34it/s]
  Valid: 90/100, NaN Rate: 10.0%
  Mean MSE: 1.073324e-05 ± 4.662362e-05

Layer 1/16: fno_blocks.fno_skips.1.conv
  Trials: 100%|█████████████████████████████████████████████| 100/100 [00:11<00:00,  8.69it/s]
  Valid: 86/100, NaN Rate: 14.0%
  Mean MSE: 1.981433e-05 ± 6.108337e-05

Layer 2/16: fno_blocks.fno_skips.2.conv
  Trials: 100%|█████████████████████████████████████████████| 100/100 [00:11<00:00,  8.50it/s]
  Valid: 88/100, NaN Rate: 12.0%
  Mean MSE: 1.500455e-05 ± 6.436697e-05

Layer 3/16: fno_blocks.fno_skips.3.conv
  Trials: 100%|█████████████████████████████████████████████| 100/100 [00:12<00:00,  8.33it/s]
  Valid: 90/100, NaN Rate: 10.0%
  Mean MSE: 3.109378e-05 ± 2.265046e-04

Layer 4/16: fno_blocks.channel_mlp.0.fcs.0
  Trials: 100%|█████████████████████████████████████████████| 100/100 [00:11<00:00,  8.69it/s]
  Valid: 86/100, NaN Rate: 14.0%
  Mean MSE: 4.087793e-05 ± 1.525700e-04

Layer 5/16: fno_blocks.channel_mlp.0.fcs.1
  Trials: 100%|█████████████████████████████████████████████| 100/100 [00:12<00:00,  8.25it/s]
  Valid: 91/100, NaN Rate: 9.0%
  Mean MSE: 1.364803e-04 ± 4.964217e-04

Layer 6/16: fno_blocks.channel_mlp.1.fcs.0
  Trials: 100%|█████████████████████████████████████████████| 100/100 [00:11<00:00,  8.60it/s]
  Valid: 87/100, NaN Rate: 13.0%
  Mean MSE: 4.739588e-04 ± 2.619277e-03

Layer 7/16: fno_blocks.channel_mlp.1.fcs.1
  Trials: 100%|█████████████████████████████████████████████| 100/100 [00:11<00:00,  8.42it/s]
  Valid: 89/100, NaN Rate: 11.0%
  Mean MSE: 9.760478e-05 ± 4.767710e-04

Layer 8/16: fno_blocks.channel_mlp.2.fcs.0
  Trials: 100%|█████████████████████████████████████████████| 100/100 [00:12<00:00,  8.24it/s]
  Valid: 91/100, NaN Rate: 9.0%
  Mean MSE: 6.251187e-05 ± 2.123589e-04

Layer 9/16: fno_blocks.channel_mlp.2.fcs.1
  Trials: 100%|█████████████████████████████████████████████| 100/100 [00:11<00:00,  8.60it/s]
  Valid: 87/100, NaN Rate: 13.0%
  Mean MSE: 4.026419e-05 ± 1.093879e-04

Layer 10/16: fno_blocks.channel_mlp.3.fcs.0
  Trials: 100%|█████████████████████████████████████████████| 100/100 [00:11<00:00,  8.42it/s]
  Valid: 89/100, NaN Rate: 11.0%
  Mean MSE: 2.765719e-04 ± 2.296644e-03

Layer 11/16: fno_blocks.channel_mlp.3.fcs.1
  Trials: 100%|█████████████████████████████████████████████| 100/100 [00:12<00:00,  8.16it/s]
  Valid: 92/100, NaN Rate: 8.0%
  Mean MSE: 5.745672e-05 ± 2.521212e-04

Layer 12/16: lifting.fcs.0
  Trials: 100%|█████████████████████████████████████████████| 100/100 [00:12<00:00,  8.16it/s]
  Valid: 92/100, NaN Rate: 8.0%
  Mean MSE: 7.813491e-04 ± 1.580569e-03

Layer 13/16: lifting.fcs.1
  Trials: 100%|█████████████████████████████████████████████| 100/100 [00:11<00:00,  8.41it/s]
  Valid: 89/100, NaN Rate: 11.0%
  Mean MSE: 9.783458e-05 ± 5.471568e-04

Layer 14/16: projection.fcs.0
  Trials: 100%|█████████████████████████████████████████████| 100/100 [00:11<00:00,  8.50it/s]
  Valid: 88/100, NaN Rate: 12.0%
  Mean MSE: 1.664090e-04 ± 1.313400e-03

Layer 15/16: projection.fcs.1
  Trials: 100%|█████████████████████████████████████████████| 100/100 [00:11<00:00,  8.88it/s]
  Valid: 84/100, NaN Rate: 16.0%
  Mean MSE: 2.971599e-02 ± 1.635933e-01

Weight results saved to weight_quadrant_summary.csv

Quadrant comparison plot saved to: plots/quadrant_comparison_weight.png
NaN rate plot saved to: plots/nan_rates_weight.png

============================================================
STARTING ACTIVATION FAULT INJECTION BY QUADRANT
============================================================

============================================================
ACTIVATION FAULT INJECTION - BY BIT QUADRANT
============================================================

Found 16 injectable layers

Collecting baseline (fault-free) outputs...
Collected 50 baseline outputs

============================================================
Processing Quadrant: Q1 (bits 0-7)
============================================================

Layer 0/16: fno_blocks.fno_skips.0.conv
  Trials: 100%|█████████████████████████████████████████████| 100/100 [00:12<00:00,  7.71it/s]
  Valid: 100/100, NaN Rate: 0.0%
  Mean MSE: 4.476582e-12 ± 2.162663e-12

Layer 1/16: fno_blocks.fno_skips.1.conv
  Trials: 100%|█████████████████████████████████████████████| 100/100 [00:13<00:00,  7.69it/s]
  Valid: 100/100, NaN Rate: 0.0%
  Mean MSE: 3.957347e-12 ± 1.991671e-12

Layer 2/16: fno_blocks.fno_skips.2.conv
  Trials: 100%|█████████████████████████████████████████████| 100/100 [00:13<00:00,  7.68it/s]
  Valid: 100/100, NaN Rate: 0.0%
  Mean MSE: 7.701207e-13 ± 6.286771e-13

Layer 3/16: fno_blocks.fno_skips.3.conv
  Trials: 100%|█████████████████████████████████████████████| 100/100 [00:13<00:00,  7.69it/s]
  Valid: 100/100, NaN Rate: 0.0%
  Mean MSE: 5.331078e-16 ± 3.313571e-15

Layer 4/16: fno_blocks.channel_mlp.0.fcs.0
  Trials: 100%|█████████████████████████████████████████████| 100/100 [00:13<00:00,  7.63it/s]
  Valid: 100/100, NaN Rate: 0.0%
  Mean MSE: 7.807418e-12 ± 1.942817e-12

Layer 5/16: fno_blocks.channel_mlp.0.fcs.1
  Trials: 100%|█████████████████████████████████████████████| 100/100 [00:13<00:00,  7.63it/s]
  Valid: 100/100, NaN Rate: 0.0%
  Mean MSE: 6.614199e-12 ± 2.130312e-12

Layer 6/16: fno_blocks.channel_mlp.1.fcs.0
  Trials: 100%|█████████████████████████████████████████████| 100/100 [00:13<00:00,  7.63it/s]
  Valid: 100/100, NaN Rate: 0.0%
  Mean MSE: 5.636800e-12 ± 1.709555e-12

Layer 7/16: fno_blocks.channel_mlp.1.fcs.1
  Trials: 100%|█████████████████████████████████████████████| 100/100 [00:13<00:00,  7.64it/s]
  Valid: 100/100, NaN Rate: 0.0%
  Mean MSE: 4.593245e-12 ± 1.747468e-12

Layer 8/16: fno_blocks.channel_mlp.2.fcs.0
  Trials: 100%|█████████████████████████████████████████████| 100/100 [00:13<00:00,  7.63it/s]
  Valid: 100/100, NaN Rate: 0.0%
  Mean MSE: 1.268766e-12 ± 8.612496e-13

Layer 9/16: fno_blocks.channel_mlp.2.fcs.1
  Trials: 100%|█████████████████████████████████████████████| 100/100 [00:13<00:00,  7.63it/s]
  Valid: 100/100, NaN Rate: 0.0%
  Mean MSE: 7.195283e-13 ± 5.258632e-13

Layer 10/16: fno_blocks.channel_mlp.3.fcs.0
  Trials: 100%|█████████████████████████████████████████████| 100/100 [00:13<00:00,  7.66it/s]
  Valid: 100/100, NaN Rate: 0.0%
  Mean MSE: 5.377938e-15 ± 3.920150e-14

Layer 11/16: fno_blocks.channel_mlp.3.fcs.1
  Trials: 100%|█████████████████████████████████████████████| 100/100 [00:13<00:00,  7.66it/s]
  Valid: 100/100, NaN Rate: 0.0%
  Mean MSE: 6.125267e-16 ± 5.618610e-15

Layer 12/16: lifting.fcs.0
  Trials: 100%|█████████████████████████████████████████████| 100/100 [00:13<00:00,  7.66it/s]
  Valid: 100/100, NaN Rate: 0.0%
  Mean MSE: 7.297167e-14 ± 3.402137e-13

Layer 13/16: lifting.fcs.1
  Trials: 100%|█████████████████████████████████████████████| 100/100 [00:13<00:00,  7.66it/s]
  Valid: 100/100, NaN Rate: 0.0%
  Mean MSE: 9.990056e-12 ± 2.477470e-12

Layer 14/16: projection.fcs.0
  Trials: 100%|█████████████████████████████████████████████| 100/100 [00:13<00:00,  7.66it/s]
  Valid: 100/100, NaN Rate: 0.0%
  Mean MSE: 4.716722e-17 ± 1.176002e-16

Layer 15/16: projection.fcs.1
  Trials: 100%|█████████████████████████████████████████████| 100/100 [00:12<00:00,  7.72it/s]
  Valid: 100/100, NaN Rate: 0.0%
  Mean MSE: 2.190609e-14 ± 1.218907e-14

============================================================
Processing Quadrant: Q2 (bits 8-15)
============================================================

Layer 0/16: fno_blocks.fno_skips.0.conv
  Trials: 100%|█████████████████████████████████████████████| 100/100 [00:13<00:00,  7.67it/s]
  Valid: 100/100, NaN Rate: 0.0%
  Mean MSE: 1.449745e-11 ± 4.898324e-12

Layer 1/16: fno_blocks.fno_skips.1.conv
  Trials: 100%|█████████████████████████████████████████████| 100/100 [00:13<00:00,  7.65it/s]
  Valid: 100/100, NaN Rate: 0.0%
  Mean MSE: 1.016832e-11 ± 3.519898e-12

Layer 2/16: fno_blocks.fno_skips.2.conv
  Trials: 100%|█████████████████████████████████████████████| 100/100 [00:13<00:00,  7.66it/s]
  Valid: 100/100, NaN Rate: 0.0%
  Mean MSE: 4.013809e-12 ± 1.923970e-12

Layer 3/16: fno_blocks.fno_skips.3.conv
  Trials: 100%|█████████████████████████████████████████████| 100/100 [00:13<00:00,  7.66it/s]
  Valid: 100/100, NaN Rate: 0.0%
  Mean MSE: 4.717607e-13 ± 5.692371e-13

Layer 4/16: fno_blocks.channel_mlp.0.fcs.0
  Trials: 100%|█████████████████████████████████████████████| 100/100 [00:13<00:00,  7.62it/s]
  Valid: 100/100, NaN Rate: 0.0%
  Mean MSE: 4.315957e-11 ± 1.566755e-11

Layer 5/16: fno_blocks.channel_mlp.0.fcs.1
  Trials: 100%|█████████████████████████████████████████████| 100/100 [00:13<00:00,  7.63it/s]
  Valid: 100/100, NaN Rate: 0.0%
  Mean MSE: 3.077281e-11 ± 1.082617e-11

Layer 6/16: fno_blocks.channel_mlp.1.fcs.0
  Trials: 100%|█████████████████████████████████████████████| 100/100 [00:13<00:00,  7.62it/s]
  Valid: 100/100, NaN Rate: 0.0%
  Mean MSE: 2.809737e-11 ± 1.158833e-11

Layer 7/16: fno_blocks.channel_mlp.1.fcs.1
  Trials: 100%|█████████████████████████████████████████████| 100/100 [00:13<00:00,  7.63it/s]
  Valid: 100/100, NaN Rate: 0.0%
  Mean MSE: 2.236740e-11 ± 8.434251e-12

Layer 8/16: fno_blocks.channel_mlp.2.fcs.0
  Trials: 100%|█████████████████████████████████████████████| 100/100 [00:13<00:00,  7.63it/s]
  Valid: 100/100, NaN Rate: 0.0%
  Mean MSE: 1.337323e-11 ± 6.840726e-12

Layer 9/16: fno_blocks.channel_mlp.2.fcs.1
  Trials: 100%|█████████████████████████████████████████████| 100/100 [00:13<00:00,  7.63it/s]
  Valid: 100/100, NaN Rate: 0.0%
  Mean MSE: 1.251166e-11 ± 6.214789e-12

Layer 10/16: fno_blocks.channel_mlp.3.fcs.0
  Trials: 100%|█████████████████████████████████████████████| 100/100 [00:13<00:00,  7.65it/s]
  Valid: 100/100, NaN Rate: 0.0%
  Mean MSE: 5.277873e-12 ± 6.853471e-12

Layer 11/16: fno_blocks.channel_mlp.3.fcs.1
  Trials: 100%|█████████████████████████████████████████████| 100/100 [00:13<00:00,  7.66it/s]
  Valid: 100/100, NaN Rate: 0.0%
  Mean MSE: 1.261806e-12 ± 2.237394e-12

Layer 12/16: lifting.fcs.0
  Trials: 100%|█████████████████████████████████████████████| 100/100 [00:13<00:00,  7.66it/s]
  Valid: 100/100, NaN Rate: 0.0%
  Mean MSE: 3.022538e-11 ± 1.421969e-11

Layer 13/16: lifting.fcs.1
  Trials: 100%|█████████████████████████████████████████████| 100/100 [00:13<00:00,  7.66it/s]
  Valid: 100/100, NaN Rate: 0.0%
  Mean MSE: 6.450089e-11 ± 2.252945e-11

Layer 14/16: projection.fcs.0
  Trials: 100%|█████████████████████████████████████████████| 100/100 [00:13<00:00,  7.66it/s]
  Valid: 100/100, NaN Rate: 0.0%
  Mean MSE: 2.492688e-12 ± 3.916556e-12

Layer 15/16: projection.fcs.1
  Trials: 100%|█████████████████████████████████████████████| 100/100 [00:12<00:00,  7.72it/s]
  Valid: 100/100, NaN Rate: 0.0%
  Mean MSE: 1.467403e-09 ± 1.030248e-09

============================================================
Processing Quadrant: Q3 (bits 16-23)
============================================================

Layer 0/16: fno_blocks.fno_skips.0.conv
  Trials: 100%|█████████████████████████████████████████████| 100/100 [00:13<00:00,  7.67it/s]
  Valid: 100/100, NaN Rate: 0.0%
  Mean MSE: 2.900956e-09 ± 4.754882e-09

Layer 1/16: fno_blocks.fno_skips.1.conv
  Trials: 100%|█████████████████████████████████████████████| 100/100 [00:13<00:00,  7.65it/s]
  Valid: 100/100, NaN Rate: 0.0%
  Mean MSE: 1.880256e-09 ± 3.390624e-09

Layer 2/16: fno_blocks.fno_skips.2.conv
  Trials: 100%|█████████████████████████████████████████████| 100/100 [00:13<00:00,  7.65it/s]
  Valid: 100/100, NaN Rate: 0.0%
  Mean MSE: 1.610744e-09 ± 3.505559e-09

Layer 3/16: fno_blocks.fno_skips.3.conv
  Trials: 100%|█████████████████████████████████████████████| 100/100 [00:13<00:00,  7.65it/s]
  Valid: 100/100, NaN Rate: 0.0%
  Mean MSE: 2.772551e-09 ± 3.100581e-09

Layer 4/16: fno_blocks.channel_mlp.0.fcs.0
  Trials: 100%|█████████████████████████████████████████████| 100/100 [00:13<00:00,  7.62it/s]
  Valid: 100/100, NaN Rate: 0.0%
  Mean MSE: 1.333416e-08 ± 1.562883e-08

Layer 5/16: fno_blocks.channel_mlp.0.fcs.1
  Trials: 100%|█████████████████████████████████████████████| 100/100 [00:13<00:00,  7.62it/s]
  Valid: 100/100, NaN Rate: 0.0%
  Mean MSE: 2.108297e-08 ± 3.995385e-08

Layer 6/16: fno_blocks.channel_mlp.1.fcs.0
  Trials: 100%|█████████████████████████████████████████████| 100/100 [00:13<00:00,  7.62it/s]
  Valid: 100/100, NaN Rate: 0.0%
  Mean MSE: 2.547157e-08 ± 7.524439e-08

Layer 7/16: fno_blocks.channel_mlp.1.fcs.1
  Trials: 100%|█████████████████████████████████████████████| 100/100 [00:13<00:00,  7.62it/s]
  Valid: 100/100, NaN Rate: 0.0%
  Mean MSE: 1.367046e-08 ± 2.786024e-08

Layer 8/16: fno_blocks.channel_mlp.2.fcs.0
  Trials: 100%|█████████████████████████████████████████████| 100/100 [00:13<00:00,  7.62it/s]
  Valid: 100/100, NaN Rate: 0.0%
  Mean MSE: 1.845335e-08 ± 4.763043e-08

Layer 9/16: fno_blocks.channel_mlp.2.fcs.1
  Trials: 100%|█████████████████████████████████████████████| 100/100 [00:13<00:00,  7.63it/s]
  Valid: 100/100, NaN Rate: 0.0%
  Mean MSE: 1.799872e-08 ± 2.768651e-08

Layer 10/16: fno_blocks.channel_mlp.3.fcs.0
  Trials: 100%|█████████████████████████████████████████████| 100/100 [00:13<00:00,  7.65it/s]
  Valid: 100/100, NaN Rate: 0.0%
  Mean MSE: 3.118801e-07 ± 5.277542e-07

Layer 11/16: fno_blocks.channel_mlp.3.fcs.1
  Trials: 100%|█████████████████████████████████████████████| 100/100 [00:13<00:00,  7.66it/s]
  Valid: 100/100, NaN Rate: 0.0%
  Mean MSE: 9.075645e-08 ± 1.320066e-07

Layer 12/16: lifting.fcs.0
  Trials: 100%|█████████████████████████████████████████████| 100/100 [00:13<00:00,  7.66it/s]
  Valid: 100/100, NaN Rate: 0.0%
  Mean MSE: 1.378285e-08 ± 1.510133e-08

Layer 13/16: lifting.fcs.1
  Trials: 100%|█████████████████████████████████████████████| 100/100 [00:13<00:00,  7.65it/s]
  Valid: 100/100, NaN Rate: 0.0%
  Mean MSE: 4.737935e-08 ± 5.442522e-08

Layer 14/16: projection.fcs.0
  Trials: 100%|█████████████████████████████████████████████| 100/100 [00:13<00:00,  7.66it/s]
  Valid: 100/100, NaN Rate: 0.0%
  Mean MSE: 1.494531e-07 ± 2.702100e-07

Layer 15/16: projection.fcs.1
  Trials: 100%|█████████████████████████████████████████████| 100/100 [00:12<00:00,  7.72it/s]
  Valid: 100/100, NaN Rate: 0.0%
  Mean MSE: 1.183670e-04 ± 9.924204e-05

============================================================
Processing Quadrant: Q4 (bits 24-31)
============================================================

Layer 0/16: fno_blocks.fno_skips.0.conv
  Trials: 100%|█████████████████████████████████████████████| 100/100 [00:03<00:00, 25.49it/s]
  Valid: 5/100, NaN Rate: 95.0%
  Mean MSE: 3.205465e+31 ± 4.830308e+31

Layer 1/16: fno_blocks.fno_skips.1.conv
  Trials: 100%|█████████████████████████████████████████████| 100/100 [00:04<00:00, 20.93it/s]
  Valid: 8/100, NaN Rate: 92.0%
  Mean MSE: 4.355135e-08 ± 4.286802e-08

Layer 2/16: fno_blocks.fno_skips.2.conv
  Trials: 100%|█████████████████████████████████████████████| 100/100 [00:05<00:00, 18.35it/s]
  Valid: 12/100, NaN Rate: 88.0%
  Mean MSE: 5.095949e-08 ± 3.968460e-08

Layer 3/16: fno_blocks.fno_skips.3.conv
  Trials: 100%|█████████████████████████████████████████████| 100/100 [00:01<00:00, 57.81it/s]
  Valid: 0/100, NaN Rate: 100.0%

Layer 4/16: fno_blocks.channel_mlp.0.fcs.0
  Trials: 100%|█████████████████████████████████████████████| 100/100 [00:04<00:00, 24.78it/s]
  Valid: 2/100, NaN Rate: 98.0%
  Mean MSE: 8.889746e-07 ± 6.263040e-07

Layer 5/16: fno_blocks.channel_mlp.0.fcs.1
  Trials: 100%|█████████████████████████████████████████████| 100/100 [00:04<00:00, 21.77it/s]
  Valid: 9/100, NaN Rate: 91.0%
  Mean MSE: 2.642505e-07 ± 1.057973e-07

Layer 6/16: fno_blocks.channel_mlp.1.fcs.0
  Trials: 100%|█████████████████████████████████████████████| 100/100 [00:04<00:00, 22.64it/s]
  Valid: 5/100, NaN Rate: 95.0%
  Mean MSE: 4.149904e-07 ± 2.350562e-07

Layer 7/16: fno_blocks.channel_mlp.1.fcs.1
  Trials: 100%|█████████████████████████████████████████████| 100/100 [00:04<00:00, 22.70it/s]
  Valid: 3/100, NaN Rate: 97.0%
  Mean MSE: 2.959208e-07 ± 1.804881e-07

Layer 8/16: fno_blocks.channel_mlp.2.fcs.0
  Trials: 100%|█████████████████████████████████████████████| 100/100 [00:04<00:00, 24.92it/s]
  Valid: 5/100, NaN Rate: 95.0%
  Mean MSE: 2.320047e-07 ± 1.346218e-07

Layer 9/16: fno_blocks.channel_mlp.2.fcs.1
  Trials: 100%|█████████████████████████████████████████████| 100/100 [00:04<00:00, 22.44it/s]
  Valid: 9/100, NaN Rate: 91.0%
  Mean MSE: 1.759575e-07 ± 7.743926e-08

Layer 10/16: fno_blocks.channel_mlp.3.fcs.0
  Trials: 100%|█████████████████████████████████████████████| 100/100 [00:05<00:00, 18.28it/s]
  Valid: 8/100, NaN Rate: 92.0%
  Mean MSE: 1.011088e-04 ± 2.479088e-04

Layer 11/16: fno_blocks.channel_mlp.3.fcs.1
  Trials: 100%|█████████████████████████████████████████████| 100/100 [00:02<00:00, 45.93it/s]
  Valid: 0/100, NaN Rate: 100.0%

Layer 12/16: lifting.fcs.0
  Trials: 100%|█████████████████████████████████████████████| 100/100 [00:03<00:00, 25.02it/s]
  Valid: 5/100, NaN Rate: 95.0%
  Mean MSE: 2.951114e-07 ± 2.546116e-07

Layer 13/16: lifting.fcs.1
  Trials: 100%|█████████████████████████████████████████████| 100/100 [00:02<00:00, 47.38it/s]
  Valid: 0/100, NaN Rate: 100.0%

Layer 14/16: projection.fcs.0
  Trials: 100%|█████████████████████████████████████████████| 100/100 [00:06<00:00, 16.48it/s]
  Valid: 19/100, NaN Rate: 81.0%
  Mean MSE: 2.007084e+02 ± 8.515112e+02

Layer 15/16: projection.fcs.1
  Trials: 100%|█████████████████████████████████████████████| 100/100 [00:02<00:00, 48.10it/s]
  Valid: 0/100, NaN Rate: 100.0%

Activation results saved to activation_quadrant_summary.csv

Quadrant comparison plot saved to: plots/quadrant_comparison_activation.png
NaN rate plot saved to: plots/nan_rates_activation.png

============================================================
QUADRANT ANALYSIS SUMMARY
============================================================

--- Weight Faults ---
                         Layer  Q1 (bits 0-7)_MSE  Q1 (bits 0-7)_Std  Q1 (bits 0-7)_NaN%  Q2 (bits 8-15)_MSE  Q2 (bits 8-15)_Std  Q2 (bits 8-15)_NaN%  Q3 (bits 16-23)_MSE  Q3 (bits 16-23)_Std  Q3 (bits 16-23)_NaN%  Q4 (bits 24-31)_MSE  Q4 (bits 24-31)_Std  Q4 (bits 24-31)_NaN%
   fno_blocks.fno_skips.0.conv       9.325113e-12       2.236895e-12                 0.0        5.744238e-11        1.112667e-10                  0.0         4.707845e-08         1.562929e-07                   0.0             0.000011             0.000047                  10.0
   fno_blocks.fno_skips.1.conv       6.744038e-12       2.260546e-12                 0.0        6.469576e-11        8.676537e-11                  0.0         7.323443e-07         6.244828e-06                   0.0             0.000020             0.000061                  14.0
   fno_blocks.fno_skips.2.conv       2.340454e-12       1.592476e-12                 0.0        1.011484e-10        4.041811e-10                  0.0         5.642588e-07         2.779378e-06                   0.0             0.000015             0.000064                  12.0
   fno_blocks.fno_skips.3.conv       2.529985e-13       7.029968e-13                 0.0        3.931052e-11        1.119389e-10                  0.0         1.184615e-07         7.678386e-07                   0.0             0.000031             0.000227                  10.0
fno_blocks.channel_mlp.0.fcs.0       9.976700e-12       2.860497e-12                 0.0        4.748358e-10        1.205832e-09                  0.0         9.393154e-07         2.422875e-06                   0.0             0.000041             0.000153                  14.0
fno_blocks.channel_mlp.0.fcs.1       1.016992e-11       3.970947e-12                 0.0        4.481636e-10        8.332341e-10                  0.0         1.741942e-06         5.342931e-06                   0.0             0.000136             0.000496                   9.0
fno_blocks.channel_mlp.1.fcs.0       7.547306e-12       2.393120e-12                 0.0        2.897360e-10        7.053327e-10                  0.0         9.877515e-07         3.539638e-06                   0.0             0.000474             0.002619                  13.0
fno_blocks.channel_mlp.1.fcs.1       6.395665e-12       2.271607e-12                 0.0        2.295109e-10        7.102016e-10                  0.0         1.012943e-06         2.322699e-06                   0.0             0.000098             0.000477                  11.0
fno_blocks.channel_mlp.2.fcs.0       2.871085e-12       1.939727e-12                 0.0        1.728586e-10        3.857640e-10                  0.0         5.772212e-06         5.076544e-05                   0.0             0.000063             0.000212                   9.0
fno_blocks.channel_mlp.2.fcs.1       2.102492e-12       2.617197e-12                 0.0        1.596635e-10        3.785554e-10                  0.0         1.119857e-06         8.899609e-06                   0.0             0.000040             0.000109                  13.0
fno_blocks.channel_mlp.3.fcs.0       7.006333e-13       1.532603e-12                 0.0        3.153707e-10        7.150528e-10                  0.0         9.016389e-07         3.489738e-06                   0.0             0.000277             0.002297                  11.0
fno_blocks.channel_mlp.3.fcs.1       4.717499e-13       2.210743e-12                 0.0        4.515302e-11        1.330762e-10                  0.0         2.676487e-06         1.527789e-05                   0.0             0.000057             0.000252                   8.0
                 lifting.fcs.0       3.174801e-11       6.065184e-11                 0.0        2.072021e-09        5.646301e-09                  0.0         4.610827e-05         2.736947e-04                   0.0             0.000781             0.001581                   8.0
                 lifting.fcs.1       0.000000e+00       0.000000e+00                 0.0        1.454685e-10        3.563306e-10                  0.0         3.530516e-07         2.203457e-06                   0.0             0.000098             0.000547                  11.0
              projection.fcs.0       0.000000e+00       0.000000e+00                 0.0        2.996330e-12        2.297862e-11                  0.0         2.602408e-06         2.235415e-05                   0.0             0.000166             0.001313                  12.0
              projection.fcs.1       2.321999e-14       1.094819e-13                 0.0        1.673155e-09        7.294305e-09                  0.0         2.260263e-04         1.756668e-03                   0.0             0.029716             0.163593                  16.0


--- Activation Faults ---
                         Layer  Q1 (bits 0-7)_MSE  Q1 (bits 0-7)_Std  Q1 (bits 0-7)_NaN%  Q2 (bits 8-15)_MSE  Q2 (bits 8-15)_Std  Q2 (bits 8-15)_NaN%  Q3 (bits 16-23)_MSE  Q3 (bits 16-23)_Std  Q3 (bits 16-23)_NaN%  Q4 (bits 24-31)_MSE  Q4 (bits 24-31)_Std  Q4 (bits 24-31)_NaN%
   fno_blocks.fno_skips.0.conv       4.476582e-12       2.162663e-12                 0.0        1.449745e-11        4.898324e-12                  0.0         2.900956e-09         4.754882e-09                   0.0         3.205465e+31         4.830308e+31                  95.0
   fno_blocks.fno_skips.1.conv       3.957347e-12       1.991671e-12                 0.0        1.016832e-11        3.519898e-12                  0.0         1.880256e-09         3.390624e-09                   0.0         4.355135e-08         4.286802e-08                  92.0
   fno_blocks.fno_skips.2.conv       7.701207e-13       6.286771e-13                 0.0        4.013809e-12        1.923970e-12                  0.0         1.610744e-09         3.505559e-09                   0.0         5.095949e-08         3.968460e-08                  88.0
   fno_blocks.fno_skips.3.conv       5.331078e-16       3.313571e-15                 0.0        4.717607e-13        5.692371e-13                  0.0         2.772551e-09         3.100581e-09                   0.0                  NaN                  NaN                 100.0
fno_blocks.channel_mlp.0.fcs.0       7.807418e-12       1.942817e-12                 0.0        4.315957e-11        1.566755e-11                  0.0         1.333416e-08         1.562883e-08                   0.0         8.889746e-07         6.263040e-07                  98.0
fno_blocks.channel_mlp.0.fcs.1       6.614199e-12       2.130312e-12                 0.0        3.077281e-11        1.082617e-11                  0.0         2.108297e-08         3.995385e-08                   0.0         2.642505e-07         1.057973e-07                  91.0
fno_blocks.channel_mlp.1.fcs.0       5.636800e-12       1.709555e-12                 0.0        2.809737e-11        1.158833e-11                  0.0         2.547157e-08         7.524439e-08                   0.0         4.149904e-07         2.350562e-07                  95.0
fno_blocks.channel_mlp.1.fcs.1       4.593245e-12       1.747468e-12                 0.0        2.236740e-11        8.434251e-12                  0.0         1.367046e-08         2.786024e-08                   0.0         2.959208e-07         1.804881e-07                  97.0
fno_blocks.channel_mlp.2.fcs.0       1.268766e-12       8.612496e-13                 0.0        1.337323e-11        6.840726e-12                  0.0         1.845335e-08         4.763043e-08                   0.0         2.320047e-07         1.346218e-07                  95.0
fno_blocks.channel_mlp.2.fcs.1       7.195283e-13       5.258632e-13                 0.0        1.251166e-11        6.214789e-12                  0.0         1.799872e-08         2.768651e-08                   0.0         1.759575e-07         7.743926e-08                  91.0
fno_blocks.channel_mlp.3.fcs.0       5.377938e-15       3.920150e-14                 0.0        5.277873e-12        6.853471e-12                  0.0         3.118801e-07         5.277542e-07                   0.0         1.011088e-04         2.479088e-04                  92.0
fno_blocks.channel_mlp.3.fcs.1       6.125267e-16       5.618610e-15                 0.0        1.261806e-12        2.237394e-12                  0.0         9.075645e-08         1.320066e-07                   0.0                  NaN                  NaN                 100.0
                 lifting.fcs.0       7.297167e-14       3.402137e-13                 0.0        3.022538e-11        1.421969e-11                  0.0         1.378285e-08         1.510133e-08                   0.0         2.951114e-07         2.546116e-07                  95.0
                 lifting.fcs.1       9.990056e-12       2.477470e-12                 0.0        6.450089e-11        2.252945e-11                  0.0         4.737935e-08         5.442522e-08                   0.0                  NaN                  NaN                 100.0
              projection.fcs.0       4.716722e-17       1.176002e-16                 0.0        2.492688e-12        3.916556e-12                  0.0         1.494531e-07         2.702100e-07                   0.0         2.007084e+02         8.515112e+02                  81.0
              projection.fcs.1       2.190609e-14       1.218907e-14                 0.0        1.467403e-09        1.030248e-09                  0.0         1.183670e-04         9.924204e-05                   0.0                  NaN                  NaN                 100.0

============================================================
MOST CRITICAL BIT QUADRANTS
============================================================

Q1 (bits 0-7):
  Weight NaN Rate: 0.0%
  Activation NaN Rate: 0.0%

Q2 (bits 8-15):
  Weight NaN Rate: 0.0%
  Activation NaN Rate: 0.0%

Q3 (bits 16-23):
  Weight NaN Rate: 0.0%
  Activation NaN Rate: 0.0%

Q4 (bits 24-31):
  Weight NaN Rate: 11.3%
  Activation NaN Rate: 94.4%
(cs6886_project) rahulak@Rimo-server:LayerWiseFaultInjection$ 
