Running on device: cuda
Loading data from: ../../../../../Data/Sloshing  
Full data sequence shape: torch.Size([202, 3, 32, 32, 32])  

Configuration:
  Trials per starting layer per quadrant: 100
  Test samples: 50
  Distributed Fault Distribution (Adjacent Layers):
    2 layers: 60%
    3 layers: 20%
    4 layers: 10%
    5 layers: 10%
  Bit Quadrants:
    Q1 (bits 0-7): [0, 1, 2, 3, 4, 5, 6, 7]
    Q2 (bits 8-15): [8, 9, 10, 11, 12, 13, 14, 15]
    Q3 (bits 16-23): [16, 17, 18, 19, 20, 21, 22, 23]
    Q4 (bits 24-31): [24, 25, 26, 27, 28, 29, 30, 31]

============================================================
STARTING DISTRIBUTED WEIGHT FAULT INJECTION BY QUADRANT
============================================================

============================================================
DISTRIBUTED WEIGHT FAULT INJECTION - BY BIT QUADRANT
============================================================
Distribution: 2 layers (60%), 3 layers (20%), 4 layers (10%), 5 layers (10%)

Found 24 injectable layer components
(SpectralConv layers counted twice: Real and Imaginary components)

Collecting baseline (fault-free) outputs...
Collected 50 baseline outputs

============================================================
Processing Quadrant: Q1 (bits 0-7)
============================================================

Starting Layer 0/24: fno_blocks.convs.0 [Real]
  Type: complex_real
  Valid: 100/100, NaN Rate: 0.0%
  Layer count dist: 2L=69, 3L=15, 4L=9, 5L=7
  Mean MSE: 1.354701e-16 ± 7.255815e-16

Starting Layer 1/24: fno_blocks.convs.0 [Imag]
  Type: complex_imag
  Valid: 100/100, NaN Rate: 0.0%
  Layer count dist: 2L=52, 3L=27, 4L=8, 5L=13
  Mean MSE: 1.451514e-16 ± 7.879691e-16

Starting Layer 2/24: fno_blocks.convs.1 [Real]
  Type: complex_real
  Valid: 100/100, NaN Rate: 0.0%
  Layer count dist: 2L=66, 3L=18, 4L=9, 5L=7
  Mean MSE: 0.000000e+00 ± 0.000000e+00

Starting Layer 3/24: fno_blocks.convs.1 [Imag]
  Type: complex_imag
  Valid: 100/100, NaN Rate: 0.0%
  Layer count dist: 2L=52, 3L=25, 4L=11, 5L=12
  Mean MSE: 2.023218e-22 ± 2.013076e-21

Starting Layer 4/24: fno_blocks.convs.2 [Real]
  Type: complex_real
  Valid: 100/100, NaN Rate: 0.0%
  Layer count dist: 2L=71, 3L=16, 4L=6, 5L=7
  Mean MSE: 4.198412e-16 ± 2.095538e-15

Starting Layer 5/24: fno_blocks.convs.2 [Imag]
  Type: complex_imag
  Valid: 100/100, NaN Rate: 0.0%
  Layer count dist: 2L=67, 3L=15, 4L=11, 5L=7
  Mean MSE: 1.263910e-15 ± 3.401540e-15

Starting Layer 6/24: fno_blocks.convs.3 [Real]
  Type: complex_real
  Valid: 100/100, NaN Rate: 0.0%
  Layer count dist: 2L=63, 3L=20, 4L=8, 5L=9
  Mean MSE: 2.981669e-15 ± 4.965327e-15

Starting Layer 7/24: fno_blocks.convs.3 [Imag]
  Type: complex_imag
  Valid: 100/100, NaN Rate: 0.0%
  Layer count dist: 2L=59, 3L=17, 4L=11, 5L=13
  Mean MSE: 7.686214e-15 ± 4.215929e-15

Starting Layer 8/24: fno_blocks.fno_skips.0.conv
  Type: real
  Valid: 100/100, NaN Rate: 0.0%
  Layer count dist: 2L=58, 3L=25, 4L=8, 5L=9
  Mean MSE: 9.756116e-15 ± 4.347798e-15

Starting Layer 9/24: fno_blocks.fno_skips.1.conv
  Type: real
  Valid: 100/100, NaN Rate: 0.0%
  Layer count dist: 2L=59, 3L=26, 4L=5, 5L=10
  Mean MSE: 5.073324e-15 ± 3.603853e-15

Starting Layer 10/24: fno_blocks.fno_skips.2.conv
  Type: real
  Valid: 100/100, NaN Rate: 0.0%
  Layer count dist: 2L=68, 3L=22, 4L=5, 5L=5
  Mean MSE: 2.655270e-15 ± 3.081819e-15

Starting Layer 11/24: fno_blocks.fno_skips.3.conv
  Type: real
  Valid: 100/100, NaN Rate: 0.0%
  Layer count dist: 2L=55, 3L=23, 4L=11, 5L=11
  Mean MSE: 4.750549e-15 ± 5.233482e-15

Starting Layer 12/24: fno_blocks.channel_mlp.0.fcs.0
  Type: real
  Valid: 100/100, NaN Rate: 0.0%
  Layer count dist: 2L=61, 3L=25, 4L=7, 5L=7
  Mean MSE: 9.795873e-15 ± 2.225072e-15

Starting Layer 13/24: fno_blocks.channel_mlp.0.fcs.1
  Type: real
  Valid: 100/100, NaN Rate: 0.0%
  Layer count dist: 2L=48, 3L=23, 4L=16, 5L=13
  Mean MSE: 1.005304e-14 ± 2.439574e-15

Starting Layer 14/24: fno_blocks.channel_mlp.1.fcs.0
  Type: real
  Valid: 100/100, NaN Rate: 0.0%
  Layer count dist: 2L=59, 3L=21, 4L=14, 5L=6
  Mean MSE: 4.756771e-15 ± 2.129470e-15

Starting Layer 15/24: fno_blocks.channel_mlp.1.fcs.1
  Type: real
  Valid: 100/100, NaN Rate: 0.0%
  Layer count dist: 2L=58, 3L=19, 4L=12, 5L=11
  Mean MSE: 5.130381e-15 ± 2.835814e-15

Starting Layer 16/24: fno_blocks.channel_mlp.2.fcs.0
  Type: real
  Valid: 100/100, NaN Rate: 0.0%
  Layer count dist: 2L=59, 3L=26, 4L=5, 5L=10
  Mean MSE: 1.118131e-15 ± 2.780446e-15

Starting Layer 17/24: fno_blocks.channel_mlp.2.fcs.1
  Type: real
  Valid: 100/100, NaN Rate: 0.0%
  Layer count dist: 2L=48, 3L=29, 4L=10, 5L=13
  Mean MSE: 5.291305e-15 ± 1.488827e-14

Starting Layer 18/24: fno_blocks.channel_mlp.3.fcs.0
  Type: real
  Valid: 100/100, NaN Rate: 0.0%
  Layer count dist: 2L=61, 3L=19, 4L=10, 5L=10
  Mean MSE: 3.979947e-15 ± 9.064236e-15

Starting Layer 19/24: fno_blocks.channel_mlp.3.fcs.1
  Type: real
  Valid: 100/100, NaN Rate: 0.0%
  Layer count dist: 2L=62, 3L=21, 4L=8, 5L=9
  Mean MSE: 1.522279e-14 ± 1.969077e-14

Starting Layer 20/24: lifting.fcs.0
  Type: real
  Valid: 100/100, NaN Rate: 0.0%
  Layer count dist: 2L=57, 3L=20, 4L=23, 5L=0
  Mean MSE: 1.386376e-14 ± 1.705882e-14

Starting Layer 21/24: lifting.fcs.1
  Type: real
  Valid: 100/100, NaN Rate: 0.0%
  Layer count dist: 2L=65, 3L=35, 4L=0, 5L=0
  Mean MSE: 8.710178e-18 ± 4.639516e-17

Starting Layer 22/24: projection.fcs.0
  Type: real
  Valid: 100/100, NaN Rate: 0.0%
  Layer count dist: 2L=100, 3L=0, 4L=0, 5L=0
  Mean MSE: 1.009212e-16 ± 4.359167e-16

Starting Layer 23/24: projection.fcs.1
  Type: real
  Valid: 0/100, NaN Rate: 0.0%
  Layer count dist: 2L=0, 3L=0, 4L=0, 5L=0

============================================================
Processing Quadrant: Q2 (bits 8-15)
============================================================

Starting Layer 0/24: fno_blocks.convs.0 [Real]
  Type: complex_real
  Valid: 100/100, NaN Rate: 0.0%
  Layer count dist: 2L=62, 3L=21, 4L=8, 5L=9
  Mean MSE: 1.927583e-15 ± 3.696211e-15

Starting Layer 1/24: fno_blocks.convs.0 [Imag]
  Type: complex_imag
  Valid: 100/100, NaN Rate: 0.0%
  Layer count dist: 2L=59, 3L=23, 4L=10, 5L=8
  Mean MSE: 1.673446e-15 ± 3.021289e-15

Starting Layer 2/24: fno_blocks.convs.1 [Real]
  Type: complex_real
  Valid: 100/100, NaN Rate: 0.0%
  Layer count dist: 2L=61, 3L=21, 4L=10, 5L=8
  Mean MSE: 1.076775e-15 ± 3.152084e-15

Starting Layer 3/24: fno_blocks.convs.1 [Imag]
  Type: complex_imag
  Valid: 100/100, NaN Rate: 0.0%
  Layer count dist: 2L=64, 3L=19, 4L=6, 5L=11
  Mean MSE: 4.694265e-16 ± 1.128135e-15

Starting Layer 4/24: fno_blocks.convs.2 [Real]
  Type: complex_real
  Valid: 100/100, NaN Rate: 0.0%
  Layer count dist: 2L=55, 3L=26, 4L=7, 5L=12
  Mean MSE: 6.250738e-15 ± 2.574175e-14

Starting Layer 5/24: fno_blocks.convs.2 [Imag]
  Type: complex_imag
  Valid: 100/100, NaN Rate: 0.0%
  Layer count dist: 2L=53, 3L=21, 4L=10, 5L=16
  Mean MSE: 1.118210e-14 ± 2.485959e-14

Starting Layer 6/24: fno_blocks.convs.3 [Real]
  Type: complex_real
  Valid: 100/100, NaN Rate: 0.0%
  Layer count dist: 2L=62, 3L=20, 4L=8, 5L=10
  Mean MSE: 1.487767e-14 ± 2.855303e-14

Starting Layer 7/24: fno_blocks.convs.3 [Imag]
  Type: complex_imag
  Valid: 100/100, NaN Rate: 0.0%
  Layer count dist: 2L=61, 3L=23, 4L=5, 5L=11
  Mean MSE: 5.099826e-14 ± 4.931538e-14

Starting Layer 8/24: fno_blocks.fno_skips.0.conv
  Type: real
  Valid: 100/100, NaN Rate: 0.0%
  Layer count dist: 2L=64, 3L=20, 4L=4, 5L=12
  Mean MSE: 5.758580e-14 ± 5.700937e-14

Starting Layer 9/24: fno_blocks.fno_skips.1.conv
  Type: real
  Valid: 100/100, NaN Rate: 0.0%
  Layer count dist: 2L=62, 3L=20, 4L=11, 5L=7
  Mean MSE: 9.725615e-14 ± 1.132468e-13

Starting Layer 10/24: fno_blocks.fno_skips.2.conv
  Type: real
  Valid: 100/100, NaN Rate: 0.0%
  Layer count dist: 2L=56, 3L=23, 4L=10, 5L=11
  Mean MSE: 1.454298e-13 ± 1.842839e-13

Starting Layer 11/24: fno_blocks.fno_skips.3.conv
  Type: real
  Valid: 100/100, NaN Rate: 0.0%
  Layer count dist: 2L=63, 3L=19, 4L=7, 5L=11
  Mean MSE: 1.640622e-13 ± 2.250855e-13

Starting Layer 12/24: fno_blocks.channel_mlp.0.fcs.0
  Type: real
  Valid: 100/100, NaN Rate: 0.0%
  Layer count dist: 2L=51, 3L=29, 4L=11, 5L=9
  Mean MSE: 2.061131e-13 ± 2.112696e-13

Starting Layer 13/24: fno_blocks.channel_mlp.0.fcs.1
  Type: real
  Valid: 100/100, NaN Rate: 0.0%
  Layer count dist: 2L=58, 3L=28, 4L=6, 5L=8
  Mean MSE: 2.666366e-13 ± 4.055194e-13

Starting Layer 14/24: fno_blocks.channel_mlp.1.fcs.0
  Type: real
  Valid: 100/100, NaN Rate: 0.0%
  Layer count dist: 2L=57, 3L=26, 4L=15, 5L=2
  Mean MSE: 2.636536e-13 ± 3.782114e-13

Starting Layer 15/24: fno_blocks.channel_mlp.1.fcs.1
  Type: real
  Valid: 100/100, NaN Rate: 0.0%
  Layer count dist: 2L=59, 3L=18, 4L=12, 5L=11
  Mean MSE: 4.416223e-13 ± 6.753627e-13

Starting Layer 16/24: fno_blocks.channel_mlp.2.fcs.0
  Type: real
  Valid: 100/100, NaN Rate: 0.0%
  Layer count dist: 2L=58, 3L=18, 4L=15, 5L=9
  Mean MSE: 4.639978e-13 ± 9.905045e-13

Starting Layer 17/24: fno_blocks.channel_mlp.2.fcs.1
  Type: real
  Valid: 100/100, NaN Rate: 0.0%
  Layer count dist: 2L=66, 3L=14, 4L=9, 5L=11
  Mean MSE: 7.187002e-13 ± 9.940483e-13

Starting Layer 18/24: fno_blocks.channel_mlp.3.fcs.0
  Type: real
  Valid: 100/100, NaN Rate: 0.0%
  Layer count dist: 2L=60, 3L=23, 4L=10, 5L=7
  Mean MSE: 6.333760e-13 ± 1.057522e-12

Starting Layer 19/24: fno_blocks.channel_mlp.3.fcs.1
  Type: real
  Valid: 100/100, NaN Rate: 0.0%
  Layer count dist: 2L=65, 3L=18, 4L=11, 5L=6
  Mean MSE: 2.746424e-13 ± 3.655933e-13

Starting Layer 20/24: lifting.fcs.0
  Type: real
  Valid: 100/100, NaN Rate: 0.0%
  Layer count dist: 2L=56, 3L=25, 4L=19, 5L=0
  Mean MSE: 2.469710e-12 ± 1.895833e-11

Starting Layer 21/24: lifting.fcs.1
  Type: real
  Valid: 100/100, NaN Rate: 0.0%
  Layer count dist: 2L=59, 3L=41, 4L=0, 5L=0
  Mean MSE: 1.624845e-12 ± 7.812480e-12

Starting Layer 22/24: projection.fcs.0
  Type: real
  Valid: 100/100, NaN Rate: 0.0%
  Layer count dist: 2L=100, 3L=0, 4L=0, 5L=0
  Mean MSE: 5.134372e-12 ± 1.606670e-11

Starting Layer 23/24: projection.fcs.1
  Type: real
  Valid: 0/100, NaN Rate: 0.0%
  Layer count dist: 2L=0, 3L=0, 4L=0, 5L=0

============================================================
Processing Quadrant: Q3 (bits 16-23)
============================================================

Starting Layer 0/24: fno_blocks.convs.0 [Real]
  Type: complex_real
  Valid: 100/100, NaN Rate: 0.0%
  Layer count dist: 2L=52, 3L=21, 4L=16, 5L=11
  Mean MSE: 2.048880e-14 ± 5.901617e-14

Starting Layer 1/24: fno_blocks.convs.0 [Imag]
  Type: complex_imag
  Valid: 100/100, NaN Rate: 0.0%
  Layer count dist: 2L=54, 3L=23, 4L=13, 5L=10
  Mean MSE: 1.220001e-14 ± 1.163101e-14

Starting Layer 2/24: fno_blocks.convs.1 [Real]
  Type: complex_real
  Valid: 100/100, NaN Rate: 0.0%
  Layer count dist: 2L=56, 3L=17, 4L=15, 5L=12
  Mean MSE: 9.157674e-15 ± 1.185953e-14

Starting Layer 3/24: fno_blocks.convs.1 [Imag]
  Type: complex_imag
  Valid: 100/100, NaN Rate: 0.0%
  Layer count dist: 2L=51, 3L=27, 4L=14, 5L=8
  Mean MSE: 1.072776e-14 ± 2.782687e-14

Starting Layer 4/24: fno_blocks.convs.2 [Real]
  Type: complex_real
  Valid: 100/100, NaN Rate: 0.0%
  Layer count dist: 2L=66, 3L=12, 4L=7, 5L=15
  Mean MSE: 1.149927e-13 ± 4.427350e-13

Starting Layer 5/24: fno_blocks.convs.2 [Imag]
  Type: complex_imag
  Valid: 100/100, NaN Rate: 0.0%
  Layer count dist: 2L=66, 3L=15, 4L=9, 5L=10
  Mean MSE: 2.606921e-13 ± 8.618332e-13

Starting Layer 6/24: fno_blocks.convs.3 [Real]
  Type: complex_real
  Valid: 100/100, NaN Rate: 0.0%
  Layer count dist: 2L=61, 3L=19, 4L=9, 5L=11
  Mean MSE: 1.489724e-12 ± 4.365134e-12

Starting Layer 7/24: fno_blocks.convs.3 [Imag]
  Type: complex_imag
  Valid: 100/100, NaN Rate: 0.0%
  Layer count dist: 2L=60, 3L=16, 4L=12, 5L=12
  Mean MSE: 5.851367e-12 ± 1.942770e-11

Starting Layer 8/24: fno_blocks.fno_skips.0.conv
  Type: real
  Valid: 100/100, NaN Rate: 0.0%
  Layer count dist: 2L=61, 3L=22, 4L=10, 5L=7
  Mean MSE: 6.528498e-12 ± 8.447573e-12

Starting Layer 9/24: fno_blocks.fno_skips.1.conv
  Type: real
  Valid: 100/100, NaN Rate: 0.0%
  Layer count dist: 2L=64, 3L=25, 4L=8, 5L=3
  Mean MSE: 9.038339e-12 ± 1.295043e-11

Starting Layer 10/24: fno_blocks.fno_skips.2.conv
  Type: real
  Valid: 100/100, NaN Rate: 0.0%
  Layer count dist: 2L=50, 3L=22, 4L=14, 5L=14
  Mean MSE: 2.225935e-11 ± 6.991684e-11

Starting Layer 11/24: fno_blocks.fno_skips.3.conv
  Type: real
  Valid: 100/100, NaN Rate: 0.0%
  Layer count dist: 2L=60, 3L=21, 4L=11, 5L=8
  Mean MSE: 7.911429e-11 ± 3.696016e-10

Starting Layer 12/24: fno_blocks.channel_mlp.0.fcs.0
  Type: real
  Valid: 100/100, NaN Rate: 0.0%
  Layer count dist: 2L=50, 3L=31, 4L=12, 5L=7
  Mean MSE: 8.848827e-11 ± 3.903084e-10

Starting Layer 13/24: fno_blocks.channel_mlp.0.fcs.1
  Type: real
  Valid: 100/100, NaN Rate: 0.0%
  Layer count dist: 2L=59, 3L=25, 4L=7, 5L=9
  Mean MSE: 3.261810e-10 ± 2.048305e-09

Starting Layer 14/24: fno_blocks.channel_mlp.1.fcs.0
  Type: real
  Valid: 100/100, NaN Rate: 0.0%
  Layer count dist: 2L=65, 3L=14, 4L=10, 5L=11
  Mean MSE: 5.015512e-10 ± 3.253186e-09

Starting Layer 15/24: fno_blocks.channel_mlp.1.fcs.1
  Type: real
  Valid: 100/100, NaN Rate: 0.0%
  Layer count dist: 2L=68, 3L=20, 4L=7, 5L=5
  Mean MSE: 5.592686e-10 ± 4.031494e-09

Starting Layer 16/24: fno_blocks.channel_mlp.2.fcs.0
  Type: real
  Valid: 100/100, NaN Rate: 0.0%
  Layer count dist: 2L=57, 3L=20, 4L=12, 5L=11
  Mean MSE: 6.254867e-10 ± 2.994205e-09

Starting Layer 17/24: fno_blocks.channel_mlp.2.fcs.1
  Type: real
  Valid: 100/100, NaN Rate: 0.0%
  Layer count dist: 2L=59, 3L=16, 4L=10, 5L=15
  Mean MSE: 1.634092e-09 ± 7.463600e-09

Starting Layer 18/24: fno_blocks.channel_mlp.3.fcs.0
  Type: real
  Valid: 100/100, NaN Rate: 0.0%
  Layer count dist: 2L=65, 3L=17, 4L=5, 5L=13
  Mean MSE: 5.641371e-09 ± 4.216486e-08

Starting Layer 19/24: fno_blocks.channel_mlp.3.fcs.1
  Type: real
  Valid: 100/100, NaN Rate: 0.0%
  Layer count dist: 2L=54, 3L=27, 4L=9, 5L=10
  Mean MSE: 1.450988e-08 ± 5.615898e-08

Starting Layer 20/24: lifting.fcs.0
  Type: real
  Valid: 100/100, NaN Rate: 0.0%
  Layer count dist: 2L=57, 3L=21, 4L=22, 5L=0
  Mean MSE: 1.441993e-07 ± 7.571867e-07

Starting Layer 21/24: lifting.fcs.1
  Type: real
  Valid: 100/100, NaN Rate: 0.0%
  Layer count dist: 2L=57, 3L=43, 4L=0, 5L=0
  Mean MSE: 2.758221e-07 ± 1.237525e-06

Starting Layer 22/24: projection.fcs.0
  Type: real
  Valid: 100/100, NaN Rate: 0.0%
  Layer count dist: 2L=100, 3L=0, 4L=0, 5L=0
  Mean MSE: 4.048560e-07 ± 1.517644e-06

Starting Layer 23/24: projection.fcs.1
  Type: real
  Valid: 0/100, NaN Rate: 0.0%
  Layer count dist: 2L=0, 3L=0, 4L=0, 5L=0

============================================================
Processing Quadrant: Q4 (bits 24-31)
============================================================

Starting Layer 0/24: fno_blocks.convs.0 [Real]
  Type: complex_real
  Valid: 72/100, NaN Rate: 28.0%
  Layer count dist: 2L=61, 3L=15, 4L=5, 5L=19
  Mean MSE: 6.682960e-14 ± 2.014430e-13

Starting Layer 1/24: fno_blocks.convs.0 [Imag]
  Type: complex_imag
  Valid: 69/100, NaN Rate: 31.0%
  Layer count dist: 2L=60, 3L=21, 4L=6, 5L=13
  Mean MSE: 1.404461e-13 ± 7.203584e-13

Starting Layer 2/24: fno_blocks.convs.1 [Real]
  Type: complex_real
  Valid: 78/100, NaN Rate: 22.0%
  Layer count dist: 2L=63, 3L=21, 4L=8, 5L=8
  Mean MSE: 3.912171e-14 ± 1.428449e-13

Starting Layer 3/24: fno_blocks.convs.1 [Imag]
  Type: complex_imag
  Valid: 63/100, NaN Rate: 37.0%
  Layer count dist: 2L=56, 3L=20, 4L=10, 5L=14
  Mean MSE: 2.770886e-14 ± 5.586659e-14

Starting Layer 4/24: fno_blocks.convs.2 [Real]
  Type: complex_real
  Valid: 76/100, NaN Rate: 24.0%
  Layer count dist: 2L=63, 3L=19, 4L=3, 5L=15
  Mean MSE: 7.903823e-13 ± 3.633293e-12

Starting Layer 5/24: fno_blocks.convs.2 [Imag]
  Type: complex_imag
  Valid: 64/100, NaN Rate: 36.0%
  Layer count dist: 2L=61, 3L=16, 4L=15, 5L=8
  Mean MSE: 1.437727e-11 ± 1.004590e-10

Starting Layer 6/24: fno_blocks.convs.3 [Real]
  Type: complex_real
  Valid: 74/100, NaN Rate: 26.0%
  Layer count dist: 2L=66, 3L=26, 4L=6, 5L=2
  Mean MSE: 8.418517e-12 ± 2.632278e-11

Starting Layer 7/24: fno_blocks.convs.3 [Imag]
  Type: complex_imag
  Valid: 81/100, NaN Rate: 19.0%
  Layer count dist: 2L=72, 3L=12, 4L=11, 5L=5
  Mean MSE: 1.729560e-10 ± 6.312577e-10

Starting Layer 8/24: fno_blocks.fno_skips.0.conv
  Type: real
  Valid: 87/100, NaN Rate: 13.0%
  Layer count dist: 2L=69, 3L=19, 4L=3, 5L=9
  Mean MSE: 5.192889e-10 ± 1.797154e-09

Starting Layer 9/24: fno_blocks.fno_skips.1.conv
  Type: real
  Valid: 81/100, NaN Rate: 19.0%
  Layer count dist: 2L=56, 3L=20, 4L=11, 5L=13
  Mean MSE: 6.780541e-09 ± 4.974122e-08

Starting Layer 10/24: fno_blocks.fno_skips.2.conv
  Type: real
  Valid: 77/100, NaN Rate: 23.0%
  Layer count dist: 2L=61, 3L=17, 4L=13, 5L=9
  Mean MSE: 7.016647e-09 ± 2.421601e-08

Starting Layer 11/24: fno_blocks.fno_skips.3.conv
  Type: real
  Valid: 73/100, NaN Rate: 27.0%
  Layer count dist: 2L=58, 3L=17, 4L=13, 5L=12
  Mean MSE: 2.976155e-09 ± 6.541354e-09

Starting Layer 12/24: fno_blocks.channel_mlp.0.fcs.0
  Type: real
  Valid: 84/100, NaN Rate: 16.0%
  Layer count dist: 2L=57, 3L=24, 4L=8, 5L=11
  Mean MSE: 1.167784e-08 ± 4.033800e-08

Starting Layer 13/24: fno_blocks.channel_mlp.0.fcs.1
  Type: real
  Valid: 85/100, NaN Rate: 15.0%
  Layer count dist: 2L=65, 3L=24, 4L=7, 5L=4
  Mean MSE: 1.189365e-08 ± 2.677631e-08

Starting Layer 14/24: fno_blocks.channel_mlp.1.fcs.0
  Type: real
  Valid: 83/100, NaN Rate: 17.0%
  Layer count dist: 2L=62, 3L=20, 4L=7, 5L=11
  Mean MSE: 7.779885e-08 ± 2.793835e-07

Starting Layer 15/24: fno_blocks.channel_mlp.1.fcs.1
  Type: real
  Valid: 85/100, NaN Rate: 15.0%
  Layer count dist: 2L=67, 3L=14, 4L=10, 5L=9
  Mean MSE: 1.280428e-07 ± 5.574404e-07

Starting Layer 16/24: fno_blocks.channel_mlp.2.fcs.0
  Type: real
  Valid: 76/100, NaN Rate: 24.0%
  Layer count dist: 2L=52, 3L=23, 4L=12, 5L=13
  Mean MSE: 1.593450e-07 ± 5.139988e-07

Starting Layer 17/24: fno_blocks.channel_mlp.2.fcs.1
  Type: real
  Valid: 74/100, NaN Rate: 26.0%
  Layer count dist: 2L=59, 3L=19, 4L=9, 5L=13
  Mean MSE: 3.529268e-07 ± 1.692325e-06

Starting Layer 18/24: fno_blocks.channel_mlp.3.fcs.0
  Type: real
  Valid: 80/100, NaN Rate: 20.0%
  Layer count dist: 2L=67, 3L=16, 4L=11, 5L=6
  Mean MSE: 9.506872e-07 ± 7.587799e-06

Starting Layer 19/24: fno_blocks.channel_mlp.3.fcs.1
  Type: real
  Valid: 69/100, NaN Rate: 31.0%
  Layer count dist: 2L=53, 3L=22, 4L=11, 5L=14
  Mean MSE: 2.083215e-06 ± 5.962823e-06

Starting Layer 20/24: lifting.fcs.0
  Type: real
  Valid: 76/100, NaN Rate: 24.0%
  Layer count dist: 2L=68, 3L=12, 4L=20, 5L=0
  Mean MSE: 4.929170e-05 ± 4.154155e-04

Starting Layer 21/24: lifting.fcs.1
  Type: real
  Valid: 81/100, NaN Rate: 19.0%
  Layer count dist: 2L=65, 3L=35, 4L=0, 5L=0
  Mean MSE: 1.138674e-04 ± 7.022503e-04

Starting Layer 22/24: projection.fcs.0
  Type: real
  Valid: 89/100, NaN Rate: 11.0%
  Layer count dist: 2L=100, 3L=0, 4L=0, 5L=0
  Mean MSE: 1.577257e-04 ± 5.634638e-04

Starting Layer 23/24: projection.fcs.1
  Type: real
  Valid: 0/100, NaN Rate: 0.0%
  Layer count dist: 2L=0, 3L=0, 4L=0, 5L=0

Distributed weight results saved to distributed_weight_quadrant_summary.csv

Quadrant comparison plot saved to: plots_sloshing/distributed_quadrant_comparison_weight.png
Real vs Complex comparison plot saved to: plots_sloshing/distributed_real_vs_complex_comparison.png

============================================================
STARTING DISTRIBUTED ACTIVATION FAULT INJECTION BY QUADRANT
============================================================

============================================================
DISTRIBUTED ACTIVATION FAULT INJECTION - BY BIT QUADRANT
============================================================
Distribution: 2 layers (60%), 3 layers (20%), 4 layers (10%), 5 layers (10%)
Note: All activations are real-valued (even after SpectralConv)

Found 24 injectable layer components

Collecting baseline (fault-free) outputs...
Collected 50 baseline outputs

============================================================
Processing Quadrant: Q1 (bits 0-7)
============================================================

Starting Layer 0/24: fno_blocks.convs.0 [Real]
  Valid: 100/100, NaN Rate: 0.0%
  Layer count dist: 2L=69, 3L=15, 4L=9, 5L=7
  Mean MSE: 8.013801e-17 ± 1.263346e-16

Starting Layer 1/24: fno_blocks.convs.0 [Imag]
  Valid: 100/100, NaN Rate: 0.0%
  Layer count dist: 2L=52, 3L=27, 4L=8, 5L=13
  Mean MSE: 6.531232e-17 ± 9.239004e-17

Starting Layer 2/24: fno_blocks.convs.1 [Real]
  Valid: 100/100, NaN Rate: 0.0%
  Layer count dist: 2L=66, 3L=18, 4L=9, 5L=7
  Mean MSE: 1.199132e-17 ± 3.278291e-17

Starting Layer 3/24: fno_blocks.convs.1 [Imag]
  Valid: 100/100, NaN Rate: 0.0%
  Layer count dist: 2L=52, 3L=25, 4L=11, 5L=12
  Mean MSE: 2.536862e-17 ± 4.188327e-17

Starting Layer 4/24: fno_blocks.convs.2 [Real]
  Valid: 100/100, NaN Rate: 0.0%
  Layer count dist: 2L=71, 3L=16, 4L=6, 5L=7
  Mean MSE: 9.112352e-18 ± 2.538375e-17

Starting Layer 5/24: fno_blocks.convs.2 [Imag]
  Valid: 100/100, NaN Rate: 0.0%
  Layer count dist: 2L=67, 3L=15, 4L=11, 5L=7
  Mean MSE: 1.858727e-17 ± 6.317856e-17

Starting Layer 6/24: fno_blocks.convs.3 [Real]
  Valid: 100/100, NaN Rate: 0.0%
  Layer count dist: 2L=63, 3L=20, 4L=8, 5L=9
  Mean MSE: 2.209817e-17 ± 6.565068e-17

Starting Layer 7/24: fno_blocks.convs.3 [Imag]
  Valid: 100/100, NaN Rate: 0.0%
  Layer count dist: 2L=59, 3L=17, 4L=11, 5L=13
  Mean MSE: 6.387242e-17 ± 1.100583e-16

Starting Layer 8/24: fno_blocks.fno_skips.0.conv
  Valid: 100/100, NaN Rate: 0.0%
  Layer count dist: 2L=58, 3L=25, 4L=8, 5L=9
  Mean MSE: 5.320319e-16 ± 1.540342e-15

Starting Layer 9/24: fno_blocks.fno_skips.1.conv
  Valid: 100/100, NaN Rate: 0.0%
  Layer count dist: 2L=59, 3L=26, 4L=5, 5L=10
  Mean MSE: 9.387464e-16 ± 2.240249e-15

Starting Layer 10/24: fno_blocks.fno_skips.2.conv
  Valid: 100/100, NaN Rate: 0.0%
  Layer count dist: 2L=68, 3L=22, 4L=5, 5L=5
  Mean MSE: 1.808553e-15 ± 2.673432e-15

Starting Layer 11/24: fno_blocks.fno_skips.3.conv
  Valid: 100/100, NaN Rate: 0.0%
  Layer count dist: 2L=55, 3L=23, 4L=11, 5L=11
  Mean MSE: 5.840314e-15 ± 8.227454e-16

Starting Layer 12/24: fno_blocks.channel_mlp.0.fcs.0
  Valid: 100/100, NaN Rate: 0.0%
  Layer count dist: 2L=61, 3L=25, 4L=7, 5L=7
  Mean MSE: 6.569276e-15 ± 3.333006e-16

Starting Layer 13/24: fno_blocks.channel_mlp.0.fcs.1
  Valid: 100/100, NaN Rate: 0.0%
  Layer count dist: 2L=48, 3L=23, 4L=16, 5L=13
  Mean MSE: 5.214288e-15 ± 4.194998e-16

Starting Layer 14/24: fno_blocks.channel_mlp.1.fcs.0
  Valid: 100/100, NaN Rate: 0.0%
  Layer count dist: 2L=59, 3L=21, 4L=14, 5L=6
  Mean MSE: 1.996617e-15 ± 1.921226e-16

Starting Layer 15/24: fno_blocks.channel_mlp.1.fcs.1
  Valid: 100/100, NaN Rate: 0.0%
  Layer count dist: 2L=58, 3L=19, 4L=12, 5L=11
  Mean MSE: 1.519416e-15 ± 2.237761e-16

Starting Layer 16/24: fno_blocks.channel_mlp.2.fcs.0
  Valid: 100/100, NaN Rate: 0.0%
  Layer count dist: 2L=59, 3L=26, 4L=5, 5L=10
  Mean MSE: 9.189245e-17 ± 7.504365e-17

Starting Layer 17/24: fno_blocks.channel_mlp.2.fcs.1
  Valid: 100/100, NaN Rate: 0.0%
  Layer count dist: 2L=48, 3L=29, 4L=10, 5L=13
  Mean MSE: 1.316569e-15 ± 3.252020e-15

Starting Layer 18/24: fno_blocks.channel_mlp.3.fcs.0
  Valid: 100/100, NaN Rate: 0.0%
  Layer count dist: 2L=61, 3L=19, 4L=10, 5L=10
  Mean MSE: 1.977477e-15 ± 3.929280e-15

Starting Layer 19/24: fno_blocks.channel_mlp.3.fcs.1
  Valid: 100/100, NaN Rate: 0.0%
  Layer count dist: 2L=62, 3L=21, 4L=8, 5L=9
  Mean MSE: 3.722085e-15 ± 4.702911e-15

Starting Layer 20/24: lifting.fcs.0
  Valid: 100/100, NaN Rate: 0.0%
  Layer count dist: 2L=57, 3L=20, 4L=23, 5L=0
  Mean MSE: 9.814647e-15 ± 4.687790e-16

Starting Layer 21/24: lifting.fcs.1
  Valid: 100/100, NaN Rate: 0.0%
  Layer count dist: 2L=65, 3L=35, 4L=0, 5L=0
  Mean MSE: 9.847097e-15 ± 4.683874e-16

Starting Layer 22/24: projection.fcs.0
  Valid: 100/100, NaN Rate: 0.0%
  Layer count dist: 2L=100, 3L=0, 4L=0, 5L=0
  Mean MSE: 1.017884e-20 ± 5.296897e-21

Starting Layer 23/24: projection.fcs.1
  Valid: 0/100, NaN Rate: 0.0%
  Layer count dist: 2L=0, 3L=0, 4L=0, 5L=0

============================================================
Processing Quadrant: Q2 (bits 8-15)
============================================================

Starting Layer 0/24: fno_blocks.convs.0 [Real]
  Valid: 100/100, NaN Rate: 0.0%
  Layer count dist: 2L=62, 3L=21, 4L=8, 5L=9
  Mean MSE: 5.635868e-15 ± 1.109149e-15

Starting Layer 1/24: fno_blocks.convs.0 [Imag]
  Valid: 100/100, NaN Rate: 0.0%
  Layer count dist: 2L=59, 3L=23, 4L=10, 5L=8
  Mean MSE: 6.526846e-15 ± 7.111662e-16

Starting Layer 2/24: fno_blocks.convs.1 [Real]
  Valid: 100/100, NaN Rate: 0.0%
  Layer count dist: 2L=61, 3L=21, 4L=10, 5L=8
  Mean MSE: 2.954927e-15 ± 5.943401e-16

Starting Layer 3/24: fno_blocks.convs.1 [Imag]
  Valid: 100/100, NaN Rate: 0.0%
  Layer count dist: 2L=64, 3L=19, 4L=6, 5L=11
  Mean MSE: 3.480455e-15 ± 4.654204e-16

Starting Layer 4/24: fno_blocks.convs.2 [Real]
  Valid: 100/100, NaN Rate: 0.0%
  Layer count dist: 2L=55, 3L=26, 4L=7, 5L=12
  Mean MSE: 1.341067e-15 ± 1.017176e-15

Starting Layer 5/24: fno_blocks.convs.2 [Imag]
  Valid: 100/100, NaN Rate: 0.0%
  Layer count dist: 2L=53, 3L=21, 4L=10, 5L=16
  Mean MSE: 1.929011e-15 ± 1.559720e-15

Starting Layer 6/24: fno_blocks.convs.3 [Real]
  Valid: 100/100, NaN Rate: 0.0%
  Layer count dist: 2L=62, 3L=20, 4L=8, 5L=10
  Mean MSE: 1.477715e-15 ± 1.873395e-15

Starting Layer 7/24: fno_blocks.convs.3 [Imag]
  Valid: 100/100, NaN Rate: 0.0%
  Layer count dist: 2L=61, 3L=23, 4L=5, 5L=11
  Mean MSE: 3.539317e-15 ± 7.026398e-16

Starting Layer 8/24: fno_blocks.fno_skips.0.conv
  Valid: 100/100, NaN Rate: 0.0%
  Layer count dist: 2L=64, 3L=20, 4L=4, 5L=12
  Mean MSE: 4.778728e-15 ± 2.606458e-15

Starting Layer 9/24: fno_blocks.fno_skips.1.conv
  Valid: 100/100, NaN Rate: 0.0%
  Layer count dist: 2L=62, 3L=20, 4L=11, 5L=7
  Mean MSE: 3.302010e-15 ± 4.589867e-15

Starting Layer 10/24: fno_blocks.fno_skips.2.conv
  Valid: 100/100, NaN Rate: 0.0%
  Layer count dist: 2L=56, 3L=23, 4L=10, 5L=11
  Mean MSE: 6.140708e-15 ± 6.809683e-15

Starting Layer 11/24: fno_blocks.fno_skips.3.conv
  Valid: 100/100, NaN Rate: 0.0%
  Layer count dist: 2L=63, 3L=19, 4L=7, 5L=11
  Mean MSE: 1.337116e-14 ± 3.083042e-15

Starting Layer 12/24: fno_blocks.channel_mlp.0.fcs.0
  Valid: 100/100, NaN Rate: 0.0%
  Layer count dist: 2L=51, 3L=29, 4L=11, 5L=9
  Mean MSE: 1.658363e-14 ± 2.151806e-15

Starting Layer 13/24: fno_blocks.channel_mlp.0.fcs.1
  Valid: 100/100, NaN Rate: 0.0%
  Layer count dist: 2L=58, 3L=28, 4L=6, 5L=8
  Mean MSE: 1.686297e-14 ± 2.660752e-15

Starting Layer 14/24: fno_blocks.channel_mlp.1.fcs.0
  Valid: 100/100, NaN Rate: 0.0%
  Layer count dist: 2L=57, 3L=26, 4L=15, 5L=2
  Mean MSE: 1.345531e-14 ± 1.890894e-15

Starting Layer 15/24: fno_blocks.channel_mlp.1.fcs.1
  Valid: 100/100, NaN Rate: 0.0%
  Layer count dist: 2L=59, 3L=18, 4L=12, 5L=11
  Mean MSE: 1.292958e-14 ± 2.380851e-15

Starting Layer 16/24: fno_blocks.channel_mlp.2.fcs.0
  Valid: 100/100, NaN Rate: 0.0%
  Layer count dist: 2L=58, 3L=18, 4L=15, 5L=9
  Mean MSE: 8.308470e-15 ± 2.406979e-15

Starting Layer 17/24: fno_blocks.channel_mlp.2.fcs.1
  Valid: 100/100, NaN Rate: 0.0%
  Layer count dist: 2L=66, 3L=14, 4L=9, 5L=11
  Mean MSE: 9.137697e-15 ± 5.718418e-15

Starting Layer 18/24: fno_blocks.channel_mlp.3.fcs.0
  Valid: 100/100, NaN Rate: 0.0%
  Layer count dist: 2L=60, 3L=23, 4L=10, 5L=7
  Mean MSE: 5.816420e-15 ± 7.848428e-15

Starting Layer 19/24: fno_blocks.channel_mlp.3.fcs.1
  Valid: 100/100, NaN Rate: 0.0%
  Layer count dist: 2L=65, 3L=18, 4L=11, 5L=6
  Mean MSE: 1.324066e-14 ± 5.356335e-15

Starting Layer 20/24: lifting.fcs.0
  Valid: 100/100, NaN Rate: 0.0%
  Layer count dist: 2L=56, 3L=25, 4L=19, 5L=0
  Mean MSE: 2.065778e-14 ± 1.320313e-15

Starting Layer 21/24: lifting.fcs.1
  Valid: 100/100, NaN Rate: 0.0%
  Layer count dist: 2L=59, 3L=41, 4L=0, 5L=0
  Mean MSE: 1.894450e-14 ± 1.049875e-15

Starting Layer 22/24: projection.fcs.0
  Valid: 100/100, NaN Rate: 0.0%
  Layer count dist: 2L=100, 3L=0, 4L=0, 5L=0
  Mean MSE: 6.896525e-16 ± 3.446584e-16

Starting Layer 23/24: projection.fcs.1
  Valid: 0/100, NaN Rate: 0.0%
  Layer count dist: 2L=0, 3L=0, 4L=0, 5L=0

============================================================
Processing Quadrant: Q3 (bits 16-23)
============================================================

Starting Layer 0/24: fno_blocks.convs.0 [Real]
  Valid: 100/100, NaN Rate: 0.0%
  Layer count dist: 2L=52, 3L=21, 4L=16, 5L=11
  Mean MSE: 1.515549e-13 ± 8.346786e-14

Starting Layer 1/24: fno_blocks.convs.0 [Imag]
  Valid: 100/100, NaN Rate: 0.0%
  Layer count dist: 2L=54, 3L=23, 4L=13, 5L=10
  Mean MSE: 2.233939e-13 ± 8.017438e-14

Starting Layer 2/24: fno_blocks.convs.1 [Real]
  Valid: 100/100, NaN Rate: 0.0%
  Layer count dist: 2L=56, 3L=17, 4L=15, 5L=12
  Mean MSE: 2.419059e-13 ± 2.172091e-13

Starting Layer 3/24: fno_blocks.convs.1 [Imag]
  Valid: 100/100, NaN Rate: 0.0%
  Layer count dist: 2L=51, 3L=27, 4L=14, 5L=8
  Mean MSE: 3.762217e-13 ± 2.199261e-13

Starting Layer 4/24: fno_blocks.convs.2 [Real]
  Valid: 100/100, NaN Rate: 0.0%
  Layer count dist: 2L=66, 3L=12, 4L=7, 5L=15
  Mean MSE: 3.120873e-13 ± 2.207473e-13

Starting Layer 5/24: fno_blocks.convs.2 [Imag]
  Valid: 100/100, NaN Rate: 0.0%
  Layer count dist: 2L=66, 3L=15, 4L=9, 5L=10
  Mean MSE: 5.805998e-13 ± 2.893655e-13

Starting Layer 6/24: fno_blocks.convs.3 [Real]
  Valid: 100/100, NaN Rate: 0.0%
  Layer count dist: 2L=61, 3L=19, 4L=9, 5L=11
  Mean MSE: 3.615500e-13 ± 2.081728e-13

Starting Layer 7/24: fno_blocks.convs.3 [Imag]
  Valid: 100/100, NaN Rate: 0.0%
  Layer count dist: 2L=60, 3L=16, 4L=12, 5L=12
  Mean MSE: 4.173298e-13 ± 2.277096e-13

Starting Layer 8/24: fno_blocks.fno_skips.0.conv
  Valid: 100/100, NaN Rate: 0.0%
  Layer count dist: 2L=61, 3L=22, 4L=10, 5L=7
  Mean MSE: 8.942907e-14 ± 5.458368e-14

Starting Layer 9/24: fno_blocks.fno_skips.1.conv
  Valid: 100/100, NaN Rate: 0.0%
  Layer count dist: 2L=64, 3L=25, 4L=8, 5L=3
  Mean MSE: 1.114381e-13 ± 1.452865e-13

Starting Layer 10/24: fno_blocks.fno_skips.2.conv
  Valid: 100/100, NaN Rate: 0.0%
  Layer count dist: 2L=50, 3L=22, 4L=14, 5L=14
  Mean MSE: 3.978798e-13 ± 4.636717e-13

Starting Layer 11/24: fno_blocks.fno_skips.3.conv
  Valid: 100/100, NaN Rate: 0.0%
  Layer count dist: 2L=60, 3L=21, 4L=11, 5L=8
  Mean MSE: 6.479029e-13 ± 6.290903e-13

Starting Layer 12/24: fno_blocks.channel_mlp.0.fcs.0
  Valid: 100/100, NaN Rate: 0.0%
  Layer count dist: 2L=50, 3L=31, 4L=12, 5L=7
  Mean MSE: 1.223093e-12 ± 7.091517e-13

Starting Layer 13/24: fno_blocks.channel_mlp.0.fcs.1
  Valid: 100/100, NaN Rate: 0.0%
  Layer count dist: 2L=59, 3L=25, 4L=7, 5L=9
  Mean MSE: 1.900870e-12 ± 2.346993e-12

Starting Layer 14/24: fno_blocks.channel_mlp.1.fcs.0
  Valid: 100/100, NaN Rate: 0.0%
  Layer count dist: 2L=65, 3L=14, 4L=10, 5L=11
  Mean MSE: 2.905638e-12 ± 3.226709e-12

Starting Layer 15/24: fno_blocks.channel_mlp.1.fcs.1
  Valid: 100/100, NaN Rate: 0.0%
  Layer count dist: 2L=68, 3L=20, 4L=7, 5L=5
  Mean MSE: 4.334275e-12 ± 5.712561e-12

Starting Layer 16/24: fno_blocks.channel_mlp.2.fcs.0
  Valid: 100/100, NaN Rate: 0.0%
  Layer count dist: 2L=57, 3L=20, 4L=12, 5L=11
  Mean MSE: 1.241643e-11 ± 1.201316e-11

Starting Layer 17/24: fno_blocks.channel_mlp.2.fcs.1
  Valid: 100/100, NaN Rate: 0.0%
  Layer count dist: 2L=59, 3L=16, 4L=10, 5L=15
  Mean MSE: 1.402676e-11 ± 1.178742e-11

Starting Layer 18/24: fno_blocks.channel_mlp.3.fcs.0
  Valid: 100/100, NaN Rate: 0.0%
  Layer count dist: 2L=65, 3L=17, 4L=5, 5L=13
  Mean MSE: 2.414330e-11 ± 2.641467e-11

Starting Layer 19/24: fno_blocks.channel_mlp.3.fcs.1
  Valid: 100/100, NaN Rate: 0.0%
  Layer count dist: 2L=54, 3L=27, 4L=9, 5L=10
  Mean MSE: 2.790436e-11 ± 3.029406e-11

Starting Layer 20/24: lifting.fcs.0
  Valid: 100/100, NaN Rate: 0.0%
  Layer count dist: 2L=57, 3L=21, 4L=22, 5L=0
  Mean MSE: 3.065846e-11 ± 4.490918e-11

Starting Layer 21/24: lifting.fcs.1
  Valid: 100/100, NaN Rate: 0.0%
  Layer count dist: 2L=57, 3L=43, 4L=0, 5L=0
  Mean MSE: 5.873753e-11 ± 3.514285e-11

Starting Layer 22/24: projection.fcs.0
  Valid: 100/100, NaN Rate: 0.0%
  Layer count dist: 2L=100, 3L=0, 4L=0, 5L=0
  Mean MSE: 6.231817e-11 ± 4.113511e-11

Starting Layer 23/24: projection.fcs.1
  Valid: 0/100, NaN Rate: 0.0%
  Layer count dist: 2L=0, 3L=0, 4L=0, 5L=0

============================================================
Processing Quadrant: Q4 (bits 24-31)
============================================================

Starting Layer 0/24: fno_blocks.convs.0 [Real]
  Valid: 6/100, NaN Rate: 94.0%
  Layer count dist: 2L=61, 3L=15, 4L=5, 5L=19
  Mean MSE: 6.590266e-13 ± 1.358624e-13

Starting Layer 1/24: fno_blocks.convs.0 [Imag]
  Valid: 0/100, NaN Rate: 100.0%
  Layer count dist: 2L=60, 3L=21, 4L=6, 5L=13

Starting Layer 2/24: fno_blocks.convs.1 [Real]
  Valid: 0/100, NaN Rate: 100.0%
  Layer count dist: 2L=63, 3L=21, 4L=8, 5L=8

Starting Layer 3/24: fno_blocks.convs.1 [Imag]
  Valid: 0/100, NaN Rate: 100.0%
  Layer count dist: 2L=56, 3L=20, 4L=10, 5L=14

Starting Layer 4/24: fno_blocks.convs.2 [Real]
  Valid: 2/100, NaN Rate: 98.0%
  Layer count dist: 2L=63, 3L=19, 4L=3, 5L=15
  Mean MSE: 2.403323e-12 ± 4.761720e-13

Starting Layer 5/24: fno_blocks.convs.2 [Imag]
  Valid: 0/100, NaN Rate: 100.0%
  Layer count dist: 2L=61, 3L=16, 4L=15, 5L=8

Starting Layer 6/24: fno_blocks.convs.3 [Real]
  Valid: 0/100, NaN Rate: 100.0%
  Layer count dist: 2L=66, 3L=26, 4L=6, 5L=2

Starting Layer 7/24: fno_blocks.convs.3 [Imag]
  Valid: 0/100, NaN Rate: 100.0%
  Layer count dist: 2L=72, 3L=12, 4L=11, 5L=5

Starting Layer 8/24: fno_blocks.fno_skips.0.conv
  Valid: 0/100, NaN Rate: 100.0%
  Layer count dist: 2L=69, 3L=19, 4L=3, 5L=9

Starting Layer 9/24: fno_blocks.fno_skips.1.conv
  Valid: 0/100, NaN Rate: 100.0%
  Layer count dist: 2L=56, 3L=20, 4L=11, 5L=13

Starting Layer 10/24: fno_blocks.fno_skips.2.conv
  Valid: 0/100, NaN Rate: 100.0%
  Layer count dist: 2L=61, 3L=17, 4L=13, 5L=9

Starting Layer 11/24: fno_blocks.fno_skips.3.conv
  Valid: 0/100, NaN Rate: 100.0%
  Layer count dist: 2L=58, 3L=17, 4L=13, 5L=12

Starting Layer 12/24: fno_blocks.channel_mlp.0.fcs.0
  Valid: 0/100, NaN Rate: 100.0%
  Layer count dist: 2L=57, 3L=24, 4L=8, 5L=11

Starting Layer 13/24: fno_blocks.channel_mlp.0.fcs.1
  Valid: 0/100, NaN Rate: 100.0%
  Layer count dist: 2L=65, 3L=24, 4L=7, 5L=4

Starting Layer 14/24: fno_blocks.channel_mlp.1.fcs.0
  Valid: 1/100, NaN Rate: 99.0%
  Layer count dist: 2L=62, 3L=20, 4L=7, 5L=11
  Mean MSE: 3.921841e-10 ± 0.000000e+00

Starting Layer 15/24: fno_blocks.channel_mlp.1.fcs.1
  Valid: 0/100, NaN Rate: 100.0%
  Layer count dist: 2L=67, 3L=14, 4L=10, 5L=9

Starting Layer 16/24: fno_blocks.channel_mlp.2.fcs.0
  Valid: 0/100, NaN Rate: 100.0%
  Layer count dist: 2L=52, 3L=23, 4L=12, 5L=13

Starting Layer 17/24: fno_blocks.channel_mlp.2.fcs.1
  Valid: 1/100, NaN Rate: 99.0%
  Layer count dist: 2L=59, 3L=19, 4L=9, 5L=13
  Mean MSE: 3.185408e-10 ± 0.000000e+00

Starting Layer 18/24: fno_blocks.channel_mlp.3.fcs.0
  Valid: 0/100, NaN Rate: 100.0%
  Layer count dist: 2L=67, 3L=16, 4L=11, 5L=6

Starting Layer 19/24: fno_blocks.channel_mlp.3.fcs.1
  Valid: 0/100, NaN Rate: 100.0%
  Layer count dist: 2L=53, 3L=22, 4L=11, 5L=14

Starting Layer 20/24: lifting.fcs.0
  Valid: 0/100, NaN Rate: 100.0%
  Layer count dist: 2L=68, 3L=12, 4L=20, 5L=0

Starting Layer 21/24: lifting.fcs.1
  Valid: 0/100, NaN Rate: 100.0%
  Layer count dist: 2L=65, 3L=35, 4L=0, 5L=0

Starting Layer 22/24: projection.fcs.0
  Valid: 0/100, NaN Rate: 100.0%
  Layer count dist: 2L=100, 3L=0, 4L=0, 5L=0

Starting Layer 23/24: projection.fcs.1
  Valid: 0/100, NaN Rate: 0.0%
  Layer count dist: 2L=0, 3L=0, 4L=0, 5L=0

Distributed activation results saved to distributed_activation_quadrant_summary.csv

Quadrant comparison plot saved to: plots_sloshing/distributed_quadrant_comparison_activation.png

============================================================
DISTRIBUTED FAULT QUADRANT ANALYSIS SUMMARY
============================================================

--- Distributed Weight Faults ---
                         Layer  Q1 (bits 0-7)_MSE  Q1 (bits 0-7)_Std  Q1 (bits 0-7)_NaN%  Q2 (bits 8-15)_MSE  Q2 (bits 8-15)_Std  Q2 (bits 8-15)_NaN%  Q3 (bits 16-23)_MSE  Q3 (bits 16-23)_Std  Q3 (bits 16-23)_NaN%  Q4 (bits 24-31)_MSE  Q4 (bits 24-31)_Std  Q4 (bits 24-31)_NaN%
     fno_blocks.convs.0 [Real]       1.354701e-16       7.255815e-16                 0.0        1.927583e-15        3.696211e-15                  0.0         2.048880e-14         5.901617e-14                   0.0         6.682960e-14         2.014430e-13                  28.0
     fno_blocks.convs.0 [Imag]       1.451514e-16       7.879691e-16                 0.0        1.673446e-15        3.021289e-15                  0.0         1.220001e-14         1.163101e-14                   0.0         1.404461e-13         7.203584e-13                  31.0
     fno_blocks.convs.1 [Real]       0.000000e+00       0.000000e+00                 0.0        1.076775e-15        3.152084e-15                  0.0         9.157674e-15         1.185953e-14                   0.0         3.912171e-14         1.428449e-13                  22.0
     fno_blocks.convs.1 [Imag]       2.023218e-22       2.013076e-21                 0.0        4.694265e-16        1.128135e-15                  0.0         1.072776e-14         2.782687e-14                   0.0         2.770886e-14         5.586659e-14                  37.0
     fno_blocks.convs.2 [Real]       4.198412e-16       2.095538e-15                 0.0        6.250738e-15        2.574175e-14                  0.0         1.149927e-13         4.427350e-13                   0.0         7.903823e-13         3.633293e-12                  24.0
     fno_blocks.convs.2 [Imag]       1.263910e-15       3.401540e-15                 0.0        1.118210e-14        2.485959e-14                  0.0         2.606921e-13         8.618332e-13                   0.0         1.437727e-11         1.004590e-10                  36.0
     fno_blocks.convs.3 [Real]       2.981669e-15       4.965327e-15                 0.0        1.487767e-14        2.855303e-14                  0.0         1.489724e-12         4.365134e-12                   0.0         8.418517e-12         2.632278e-11                  26.0
     fno_blocks.convs.3 [Imag]       7.686214e-15       4.215929e-15                 0.0        5.099826e-14        4.931538e-14                  0.0         5.851367e-12         1.942770e-11                   0.0         1.729560e-10         6.312577e-10                  19.0
   fno_blocks.fno_skips.0.conv       9.756116e-15       4.347798e-15                 0.0        5.758580e-14        5.700937e-14                  0.0         6.528498e-12         8.447573e-12                   0.0         5.192889e-10         1.797154e-09                  13.0
   fno_blocks.fno_skips.1.conv       5.073324e-15       3.603853e-15                 0.0        9.725615e-14        1.132468e-13                  0.0         9.038339e-12         1.295043e-11                   0.0         6.780541e-09         4.974122e-08                  19.0
   fno_blocks.fno_skips.2.conv       2.655270e-15       3.081819e-15                 0.0        1.454298e-13        1.842839e-13                  0.0         2.225935e-11         6.991684e-11                   0.0         7.016647e-09         2.421601e-08                  23.0
   fno_blocks.fno_skips.3.conv       4.750549e-15       5.233482e-15                 0.0        1.640622e-13        2.250855e-13                  0.0         7.911429e-11         3.696016e-10                   0.0         2.976155e-09         6.541354e-09                  27.0
fno_blocks.channel_mlp.0.fcs.0       9.795873e-15       2.225072e-15                 0.0        2.061131e-13        2.112696e-13                  0.0         8.848827e-11         3.903084e-10                   0.0         1.167784e-08         4.033800e-08                  16.0
fno_blocks.channel_mlp.0.fcs.1       1.005304e-14       2.439574e-15                 0.0        2.666366e-13        4.055194e-13                  0.0         3.261810e-10         2.048305e-09                   0.0         1.189365e-08         2.677631e-08                  15.0
fno_blocks.channel_mlp.1.fcs.0       4.756771e-15       2.129470e-15                 0.0        2.636536e-13        3.782114e-13                  0.0         5.015512e-10         3.253186e-09                   0.0         7.779885e-08         2.793835e-07                  17.0
fno_blocks.channel_mlp.1.fcs.1       5.130381e-15       2.835814e-15                 0.0        4.416223e-13        6.753627e-13                  0.0         5.592686e-10         4.031494e-09                   0.0         1.280428e-07         5.574404e-07                  15.0
fno_blocks.channel_mlp.2.fcs.0       1.118131e-15       2.780446e-15                 0.0        4.639978e-13        9.905045e-13                  0.0         6.254867e-10         2.994205e-09                   0.0         1.593450e-07         5.139988e-07                  24.0
fno_blocks.channel_mlp.2.fcs.1       5.291305e-15       1.488827e-14                 0.0        7.187002e-13        9.940483e-13                  0.0         1.634092e-09         7.463600e-09                   0.0         3.529268e-07         1.692325e-06                  26.0
fno_blocks.channel_mlp.3.fcs.0       3.979947e-15       9.064236e-15                 0.0        6.333760e-13        1.057522e-12                  0.0         5.641371e-09         4.216486e-08                   0.0         9.506872e-07         7.587799e-06                  20.0
fno_blocks.channel_mlp.3.fcs.1       1.522279e-14       1.969077e-14                 0.0        2.746424e-13        3.655933e-13                  0.0         1.450988e-08         5.615898e-08                   0.0         2.083215e-06         5.962823e-06                  31.0
                 lifting.fcs.0       1.386376e-14       1.705882e-14                 0.0        2.469710e-12        1.895833e-11                  0.0         1.441993e-07         7.571867e-07                   0.0         4.929170e-05         4.154155e-04                  24.0
                 lifting.fcs.1       8.710178e-18       4.639516e-17                 0.0        1.624845e-12        7.812480e-12                  0.0         2.758221e-07         1.237525e-06                   0.0         1.138674e-04         7.022503e-04                  19.0
              projection.fcs.0       1.009212e-16       4.359167e-16                 0.0        5.134372e-12        1.606670e-11                  0.0         4.048560e-07         1.517644e-06                   0.0         1.577257e-04         5.634638e-04                  11.0
              projection.fcs.1                NaN                NaN                 0.0                 NaN                 NaN                  0.0                  NaN                  NaN                   0.0                  NaN                  NaN                   0.0


--- Distributed Activation Faults ---
                         Layer  Q1 (bits 0-7)_MSE  Q1 (bits 0-7)_Std  Q1 (bits 0-7)_NaN%  Q2 (bits 8-15)_MSE  Q2 (bits 8-15)_Std  Q2 (bits 8-15)_NaN%  Q3 (bits 16-23)_MSE  Q3 (bits 16-23)_Std  Q3 (bits 16-23)_NaN%  Q4 (bits 24-31)_MSE  Q4 (bits 24-31)_Std  Q4 (bits 24-31)_NaN%
     fno_blocks.convs.0 [Real]       8.013801e-17       1.263346e-16                 0.0        5.635868e-15        1.109149e-15                  0.0         1.515549e-13         8.346786e-14                   0.0         6.590266e-13         1.358624e-13                  94.0
     fno_blocks.convs.0 [Imag]       6.531232e-17       9.239004e-17                 0.0        6.526846e-15        7.111662e-16                  0.0         2.233939e-13         8.017438e-14                   0.0                  NaN                  NaN                 100.0
     fno_blocks.convs.1 [Real]       1.199132e-17       3.278291e-17                 0.0        2.954927e-15        5.943401e-16                  0.0         2.419059e-13         2.172091e-13                   0.0                  NaN                  NaN                 100.0
     fno_blocks.convs.1 [Imag]       2.536862e-17       4.188327e-17                 0.0        3.480455e-15        4.654204e-16                  0.0         3.762217e-13         2.199261e-13                   0.0                  NaN                  NaN                 100.0
     fno_blocks.convs.2 [Real]       9.112352e-18       2.538375e-17                 0.0        1.341067e-15        1.017176e-15                  0.0         3.120873e-13         2.207473e-13                   0.0         2.403323e-12         4.761720e-13                  98.0
     fno_blocks.convs.2 [Imag]       1.858727e-17       6.317856e-17                 0.0        1.929011e-15        1.559720e-15                  0.0         5.805998e-13         2.893655e-13                   0.0                  NaN                  NaN                 100.0
     fno_blocks.convs.3 [Real]       2.209817e-17       6.565068e-17                 0.0        1.477715e-15        1.873395e-15                  0.0         3.615500e-13         2.081728e-13                   0.0                  NaN                  NaN                 100.0
     fno_blocks.convs.3 [Imag]       6.387242e-17       1.100583e-16                 0.0        3.539317e-15        7.026398e-16                  0.0         4.173298e-13         2.277096e-13                   0.0                  NaN                  NaN                 100.0
   fno_blocks.fno_skips.0.conv       5.320319e-16       1.540342e-15                 0.0        4.778728e-15        2.606458e-15                  0.0         8.942907e-14         5.458368e-14                   0.0                  NaN                  NaN                 100.0
   fno_blocks.fno_skips.1.conv       9.387464e-16       2.240249e-15                 0.0        3.302010e-15        4.589867e-15                  0.0         1.114381e-13         1.452865e-13                   0.0                  NaN                  NaN                 100.0
   fno_blocks.fno_skips.2.conv       1.808553e-15       2.673432e-15                 0.0        6.140708e-15        6.809683e-15                  0.0         3.978798e-13         4.636717e-13                   0.0                  NaN                  NaN                 100.0
   fno_blocks.fno_skips.3.conv       5.840314e-15       8.227454e-16                 0.0        1.337116e-14        3.083042e-15                  0.0         6.479029e-13         6.290903e-13                   0.0                  NaN                  NaN                 100.0
fno_blocks.channel_mlp.0.fcs.0       6.569276e-15       3.333006e-16                 0.0        1.658363e-14        2.151806e-15                  0.0         1.223093e-12         7.091517e-13                   0.0                  NaN                  NaN                 100.0
fno_blocks.channel_mlp.0.fcs.1       5.214288e-15       4.194998e-16                 0.0        1.686297e-14        2.660752e-15                  0.0         1.900870e-12         2.346993e-12                   0.0                  NaN                  NaN                 100.0
fno_blocks.channel_mlp.1.fcs.0       1.996617e-15       1.921226e-16                 0.0        1.345531e-14        1.890894e-15                  0.0         2.905638e-12         3.226709e-12                   0.0         3.921841e-10         0.000000e+00                  99.0
fno_blocks.channel_mlp.1.fcs.1       1.519416e-15       2.237761e-16                 0.0        1.292958e-14        2.380851e-15                  0.0         4.334275e-12         5.712561e-12                   0.0                  NaN                  NaN                 100.0
fno_blocks.channel_mlp.2.fcs.0       9.189245e-17       7.504365e-17                 0.0        8.308470e-15        2.406979e-15                  0.0         1.241643e-11         1.201316e-11                   0.0                  NaN                  NaN                 100.0
fno_blocks.channel_mlp.2.fcs.1       1.316569e-15       3.252020e-15                 0.0        9.137697e-15        5.718418e-15                  0.0         1.402676e-11         1.178742e-11                   0.0         3.185408e-10         0.000000e+00                  99.0
fno_blocks.channel_mlp.3.fcs.0       1.977477e-15       3.929280e-15                 0.0        5.816420e-15        7.848428e-15                  0.0         2.414330e-11         2.641467e-11                   0.0                  NaN                  NaN                 100.0
fno_blocks.channel_mlp.3.fcs.1       3.722085e-15       4.702911e-15                 0.0        1.324066e-14        5.356335e-15                  0.0         2.790436e-11         3.029406e-11                   0.0                  NaN                  NaN                 100.0
                 lifting.fcs.0       9.814647e-15       4.687790e-16                 0.0        2.065778e-14        1.320313e-15                  0.0         3.065846e-11         4.490918e-11                   0.0                  NaN                  NaN                 100.0
                 lifting.fcs.1       9.847097e-15       4.683874e-16                 0.0        1.894450e-14        1.049875e-15                  0.0         5.873753e-11         3.514285e-11                   0.0                  NaN                  NaN                 100.0
              projection.fcs.0       1.017884e-20       5.296897e-21                 0.0        6.896525e-16        3.446584e-16                  0.0         6.231817e-11         4.113511e-11                   0.0                  NaN                  NaN                 100.0
              projection.fcs.1                NaN                NaN                 0.0                 NaN                 NaN                  0.0                  NaN                  NaN                   0.0                  NaN                  NaN                   0.0

============================================================
SPECTRAL CONVOLUTION: REAL vs IMAGINARY COMPONENT SENSITIVITY (DISTRIBUTED)
============================================================

Q1 (bits 0-7):
  fno_blocks.convs.0 [Real]: 1.354701e-16
  fno_blocks.convs.0 [Imag]: 1.451514e-16
  fno_blocks.convs.1 [Real]: 0.000000e+00
  fno_blocks.convs.1 [Imag]: 2.023218e-22
  fno_blocks.convs.2 [Real]: 4.198412e-16
  fno_blocks.convs.2 [Imag]: 1.263910e-15
  fno_blocks.convs.3 [Real]: 2.981669e-15
  fno_blocks.convs.3 [Imag]: 7.686214e-15

Q2 (bits 8-15):
  fno_blocks.convs.0 [Real]: 1.927583e-15
  fno_blocks.convs.0 [Imag]: 1.673446e-15
  fno_blocks.convs.1 [Real]: 1.076775e-15
  fno_blocks.convs.1 [Imag]: 4.694265e-16
  fno_blocks.convs.2 [Real]: 6.250738e-15
  fno_blocks.convs.2 [Imag]: 1.118210e-14
  fno_blocks.convs.3 [Real]: 1.487767e-14
  fno_blocks.convs.3 [Imag]: 5.099826e-14

Q3 (bits 16-23):
  fno_blocks.convs.0 [Real]: 2.048880e-14
  fno_blocks.convs.0 [Imag]: 1.220001e-14
  fno_blocks.convs.1 [Real]: 9.157674e-15
  fno_blocks.convs.1 [Imag]: 1.072776e-14
  fno_blocks.convs.2 [Real]: 1.149927e-13
  fno_blocks.convs.2 [Imag]: 2.606921e-13
  fno_blocks.convs.3 [Real]: 1.489724e-12
  fno_blocks.convs.3 [Imag]: 5.851367e-12

Q4 (bits 24-31):
  fno_blocks.convs.0 [Real]: 6.682960e-14
  fno_blocks.convs.0 [Imag]: 1.404461e-13
  fno_blocks.convs.1 [Real]: 3.912171e-14
  fno_blocks.convs.1 [Imag]: 2.770886e-14
  fno_blocks.convs.2 [Real]: 7.903823e-13
  fno_blocks.convs.2 [Imag]: 1.437727e-11
  fno_blocks.convs.3 [Real]: 8.418517e-12
  fno_blocks.convs.3 [Imag]: 1.729560e-10

============================================================
MOST CRITICAL BIT QUADRANTS (DISTRIBUTED FAULTS)
============================================================

Q1 (bits 0-7):
  Weight NaN Rate: 0.0%
  Activation NaN Rate: 0.0%

Q2 (bits 8-15):
  Weight NaN Rate: 0.0%
  Activation NaN Rate: 0.0%

Q3 (bits 16-23):
  Weight NaN Rate: 0.0%
  Activation NaN Rate: 0.0%

Q4 (bits 24-31):
  Weight NaN Rate: 21.8%
  Activation NaN Rate: 95.4%
