
MSE comparison plot saved to results/tmr_mse_comparison.png

================================================================================
TRIPLE MODULAR REDUNDANCY (TMR) PROTECTION ANALYSIS
Strategy: Protect ALL layers EXCEPT SpectralConv (naturally robust)
================================================================================

### 1. FAULT SENSITIVITY (MSE) FOR ALL LAYERS ###

Layer Type           Layer Name                               Avg MSE         Max MSE        
-----------------------------------------------------------------------------------------------
lifting              lifting.fcs.0                            5.412251e-05    1.533928e-04   
lifting              lifting.fcs.1                            3.737073e-06    1.494792e-05   
projection           projection.fcs.0                         1.410771e-06    5.629706e-06   
projection           projection.fcs.1                         1.024399e-06    3.903415e-06   
skip                 fno_blocks.fno_skips.0.conv              5.232066e-08    2.064482e-07   
skip                 fno_blocks.fno_skips.1.conv              5.487181e-07    2.191945e-06   
skip                 fno_blocks.fno_skips.2.conv              5.704161e-07    2.281076e-06   
skip                 fno_blocks.fno_skips.3.conv              1.879806e-07    5.196322e-07   
channel_mlp          fno_blocks.channel_mlp.0.fcs.0           4.368909e-05    1.739294e-04   
channel_mlp          fno_blocks.channel_mlp.0.fcs.1           8.999792e-07    3.587426e-06   
channel_mlp          fno_blocks.channel_mlp.1.fcs.0           6.577934e-06    2.602036e-05   
channel_mlp          fno_blocks.channel_mlp.1.fcs.1           2.660196e-05    1.063947e-04   
channel_mlp          fno_blocks.channel_mlp.2.fcs.0           2.960975e-06    1.184177e-05   
channel_mlp          fno_blocks.channel_mlp.2.fcs.1           3.066291e-05    1.226383e-04   
channel_mlp          fno_blocks.channel_mlp.3.fcs.0           1.213531e-06    4.853823e-06   
channel_mlp          fno_blocks.channel_mlp.3.fcs.1           2.067870e-06    8.245314e-06   
spectral_conv        fno_blocks.convs.0 [Real]                4.105433e-10    1.556946e-09   
spectral_conv        fno_blocks.convs.0 [Imag]                7.744239e-10    2.344751e-09   
spectral_conv        fno_blocks.convs.1 [Real]                5.570864e-10    1.874781e-09   
spectral_conv        fno_blocks.convs.1 [Imag]                4.891088e-10    1.928774e-09   
spectral_conv        fno_blocks.convs.2 [Real]                1.548111e-09    5.982467e-09   
spectral_conv        fno_blocks.convs.2 [Imag]                1.277495e-09    5.054274e-09   
spectral_conv        fno_blocks.convs.3 [Real]                6.078689e-10    2.307421e-09   
spectral_conv        fno_blocks.convs.3 [Imag]                8.455886e-10    3.365839e-09   

================================================================================
### 2. TMR HARDWARE OVERHEAD ANALYSIS ###
================================================================================

--- Parameter Breakdown ---
Total Model Parameters:                     4,469,601
  Lifting:                                      2,336
  Projection:                                   2,177
  Skip Connections:                             4,096
  Channel MLP:                                  4,416
  SpectralConv:                             4,456,576

--- TMR Protection ---
Parameters Protected:                          13,025
Parameters Left Unprotected:                4,456,576
(SpectralConv)

--- TMR Implementation Overhead ---
TMR Copies (3x replication):                   39,075

--- Memory Savings: Complete TMR vs Selective TMR ---
Full Model TMR (3x all params):            13,408,803
Selective TMR (non-spectral only):             39,075
Selective vs Full:                               0.29%

Memory Savings:                                 99.71%

================================================================================
================================================================================
